{"/Users/michaelalli/Documents/GitHub/FitMetallix/app/_layout.tsx": {"path":"/Users/michaelalli/Documents/GitHub/FitMetallix/app/_layout.tsx","statementMap":{"0":{"start":{"line":27,"column":0},"end":{"line":27,"column":24}},"1":{"start":{"line":1,"column":0},"end":{"line":1,"column":57}},"2":{"start":{"line":2,"column":0},"end":{"line":2,"column":37}},"3":{"start":{"line":3,"column":0},"end":{"line":3,"column":60}},"4":{"start":{"line":4,"column":0},"end":{"line":4,"column":51}},"5":{"start":{"line":5,"column":0},"end":{"line":5,"column":51}},"6":{"start":{"line":6,"column":0},"end":{"line":6,"column":44}},"7":{"start":{"line":7,"column":0},"end":{"line":7,"column":33}},"8":{"start":{"line":8,"column":0},"end":{"line":8,"column":48}},"9":{"start":{"line":9,"column":0},"end":{"line":9,"column":44}},"10":{"start":{"line":10,"column":0},"end":{"line":10,"column":59}},"11":{"start":{"line":11,"column":0},"end":{"line":11,"column":73}},"12":{"start":{"line":12,"column":0},"end":{"line":12,"column":46}},"13":{"start":{"line":13,"column":0},"end":{"line":13,"column":49}},"14":{"start":{"line":15,"column":0},"end":{"line":15,"column":62}},"15":{"start":{"line":17,"column":13},"end":{"line":19,"column":2}},"16":{"start":{"line":22,"column":20},"end":{"line":22,"column":37}},"17":{"start":{"line":25,"column":0},"end":{"line":25,"column":36}},"18":{"start":{"line":28,"column":2},"end":{"line":28,"column":22}},"19":{"start":{"line":29,"column":26},"end":{"line":31,"column":4}},"20":{"start":{"line":32,"column":26},"end":{"line":32,"column":40}},"21":{"start":{"line":33,"column":38},"end":{"line":33,"column":53}},"22":{"start":{"line":34,"column":64},"end":{"line":34,"column":79}},"23":{"start":{"line":36,"column":2},"end":{"line":41,"column":14}},"24":{"start":{"line":37,"column":4},"end":{"line":40,"column":5}},"25":{"start":{"line":38,"column":6},"end":{"line":38,"column":27}},"26":{"start":{"line":39,"column":6},"end":{"line":39,"column":18}},"27":{"start":{"line":43,"column":2},"end":{"line":50,"column":15}},"28":{"start":{"line":44,"column":4},"end":{"line":49,"column":5}},"29":{"start":{"line":46,"column":6},"end":{"line":48,"column":9}},"30":{"start":{"line":47,"column":8},"end":{"line":47,"column":28}},"31":{"start":{"line":52,"column":40},"end":{"line":54,"column":3}},"32":{"start":{"line":53,"column":4},"end":{"line":53,"column":37}},"33":{"start":{"line":56,"column":2},"end":{"line":58,"column":3}},"34":{"start":{"line":57,"column":4},"end":{"line":57,"column":16}},"35":{"start":{"line":60,"column":2},"end":{"line":67,"column":3}},"36":{"start":{"line":61,"column":4},"end":{"line":66,"column":6}},"37":{"start":{"line":69,"column":2},"end":{"line":75,"column":4}},"38":{"start":{"line":79,"column":26},"end":{"line":79,"column":40}},"39":{"start":{"line":81,"column":2},"end":{"line":114,"column":4}},"40":{"start":{"line":117,"column":15},"end":{"line":122,"column":2}}},"fnMap":{"0":{"name":"RootLayout","decl":{"start":{"line":27,"column":24},"end":{"line":27,"column":34}},"loc":{"start":{"line":27,"column":34},"end":{"line":76,"column":1}}},"1":{"name":"(anonymous_11)","decl":{"start":{"line":36,"column":12},"end":{"line":36,"column":15}},"loc":{"start":{"line":36,"column":17},"end":{"line":41,"column":3}}},"2":{"name":"(anonymous_12)","decl":{"start":{"line":43,"column":12},"end":{"line":43,"column":15}},"loc":{"start":{"line":43,"column":17},"end":{"line":50,"column":3}}},"3":{"name":"(anonymous_13)","decl":{"start":{"line":46,"column":36},"end":{"line":46,"column":39}},"loc":{"start":{"line":46,"column":41},"end":{"line":48,"column":7}}},"4":{"name":"(anonymous_14)","decl":{"start":{"line":52,"column":40},"end":{"line":52,"column":43}},"loc":{"start":{"line":52,"column":45},"end":{"line":54,"column":3}}},"5":{"name":"RootLayoutNav","decl":{"start":{"line":78,"column":9},"end":{"line":78,"column":22}},"loc":{"start":{"line":78,"column":22},"end":{"line":115,"column":1}}}},"branchMap":{"0":{"loc":{"start":{"line":37,"column":4},"end":{"line":40,"column":5}},"type":"if","locations":[{"start":{"line":37,"column":4},"end":{"line":40,"column":5}}]},"1":{"loc":{"start":{"line":44,"column":4},"end":{"line":49,"column":5}},"type":"if","locations":[{"start":{"line":44,"column":4},"end":{"line":49,"column":5}}]},"2":{"loc":{"start":{"line":56,"column":2},"end":{"line":58,"column":3}},"type":"if","locations":[{"start":{"line":56,"column":2},"end":{"line":58,"column":3}}]},"3":{"loc":{"start":{"line":56,"column":6},"end":{"line":56,"column":28}},"type":"binary-expr","locations":[{"start":{"line":56,"column":6},"end":{"line":56,"column":13}},{"start":{"line":56,"column":17},"end":{"line":56,"column":28}}]},"4":{"loc":{"start":{"line":60,"column":2},"end":{"line":67,"column":3}},"type":"if","locations":[{"start":{"line":60,"column":2},"end":{"line":67,"column":3}}]},"5":{"loc":{"start":{"line":96,"column":9},"end":{"line":110,"column":null}},"type":"cond-expr","locations":[{"start":{"line":97,"column":10},"end":{"line":99,"column":null}},{"start":{"line":102,"column":10},"end":{"line":109,"column":null}}]}},"s":{"0":0,"1":0,"2":0,"3":0,"4":0,"5":0,"6":0,"7":0,"8":0,"9":0,"10":0,"11":0,"12":0,"13":0,"14":0,"15":0,"16":0,"17":0,"18":0,"19":0,"20":0,"21":0,"22":0,"23":0,"24":0,"25":0,"26":0,"27":0,"28":0,"29":0,"30":0,"31":0,"32":0,"33":0,"34":0,"35":0,"36":0,"37":0,"38":0,"39":0,"40":0},"f":{"0":0,"1":0,"2":0,"3":0,"4":0,"5":0},"b":{"0":[0],"1":[0],"2":[0],"3":[0,0],"4":[0],"5":[0,0]}}
,"/Users/michaelalli/Documents/GitHub/FitMetallix/app/achievements.tsx": {"path":"/Users/michaelalli/Documents/GitHub/FitMetallix/app/achievements.tsx","statementMap":{"0":{"start":{"line":22,"column":0},"end":{"line":22,"column":24}},"1":{"start":{"line":1,"column":0},"end":{"line":1,"column":51}},"2":{"start":{"line":2,"column":0},"end":{"line":2,"column":77}},"3":{"start":{"line":3,"column":0},"end":{"line":3,"column":47}},"4":{"start":{"line":4,"column":0},"end":{"line":4,"column":50}},"5":{"start":{"line":5,"column":0},"end":{"line":5,"column":44}},"6":{"start":{"line":6,"column":0},"end":{"line":6,"column":49}},"7":{"start":{"line":7,"column":0},"end":{"line":7,"column":34}},"8":{"start":{"line":8,"column":0},"end":{"line":8,"column":59}},"9":{"start":{"line":23,"column":17},"end":{"line":23,"column":28}},"10":{"start":{"line":24,"column":23},"end":{"line":24,"column":37}},"11":{"start":{"line":26,"column":42},"end":{"line":26,"column":69}},"12":{"start":{"line":27,"column":36},"end":{"line":27,"column":50}},"13":{"start":{"line":28,"column":30},"end":{"line":28,"column":76}},"14":{"start":{"line":31,"column":28},"end":{"line":31,"column":76}},"15":{"start":{"line":33,"column":2},"end":{"line":43,"column":112}},"16":{"start":{"line":34,"column":4},"end":{"line":42,"column":5}},"17":{"start":{"line":35,"column":6},"end":{"line":35,"column":46}},"18":{"start":{"line":36,"column":6},"end":{"line":36,"column":26}},"19":{"start":{"line":37,"column":11},"end":{"line":42,"column":5}},"20":{"start":{"line":38,"column":6},"end":{"line":38,"column":77}},"21":{"start":{"line":40,"column":6},"end":{"line":40,"column":46}},"22":{"start":{"line":41,"column":6},"end":{"line":41,"column":26}},"23":{"start":{"line":46,"column":31},"end":{"line":129,"column":3}},"24":{"start":{"line":47,"column":4},"end":{"line":128,"column":6}},"25":{"start":{"line":132,"column":31},"end":{"line":137,"column":4}},"26":{"start":{"line":133,"column":4},"end":{"line":133,"column":38}},"27":{"start":{"line":133,"column":26},"end":{"line":133,"column":38}},"28":{"start":{"line":134,"column":4},"end":{"line":134,"column":59}},"29":{"start":{"line":134,"column":31},"end":{"line":134,"column":59}},"30":{"start":{"line":135,"column":4},"end":{"line":135,"column":58}},"31":{"start":{"line":135,"column":29},"end":{"line":135,"column":58}},"32":{"start":{"line":136,"column":4},"end":{"line":136,"column":16}},"33":{"start":{"line":140,"column":28},"end":{"line":140,"column":47}},"34":{"start":{"line":141,"column":24},"end":{"line":141,"column":67}},"35":{"start":{"line":141,"column":49},"end":{"line":141,"column":59}},"36":{"start":{"line":142,"column":31},"end":{"line":144,"column":7}},"37":{"start":{"line":146,"column":2},"end":{"line":275,"column":4}},"38":{"start":{"line":154,"column":12},"end":{"line":155,"column":null}},"39":{"start":{"line":154,"column":38},"end":{"line":154,"column":51}},"40":{"start":{"line":205,"column":27},"end":{"line":205,"column":43}},"41":{"start":{"line":222,"column":27},"end":{"line":222,"column":48}},"42":{"start":{"line":239,"column":27},"end":{"line":239,"column":46}},"43":{"start":{"line":260,"column":14},"end":{"line":262,"column":null}},"44":{"start":{"line":278,"column":15},"end":{"line":404,"column":2}}},"fnMap":{"0":{"name":"AchievementsScreen","decl":{"start":{"line":22,"column":24},"end":{"line":22,"column":42}},"loc":{"start":{"line":22,"column":42},"end":{"line":276,"column":1}}},"1":{"name":"(anonymous_11)","decl":{"start":{"line":33,"column":12},"end":{"line":33,"column":15}},"loc":{"start":{"line":33,"column":17},"end":{"line":43,"column":3}}},"2":{"name":"(anonymous_12)","decl":{"start":{"line":46,"column":31},"end":{"line":46,"column":49}},"loc":{"start":{"line":46,"column":51},"end":{"line":129,"column":3}}},"3":{"name":"(anonymous_13)","decl":{"start":{"line":132,"column":51},"end":{"line":132,"column":62}},"loc":{"start":{"line":132,"column":65},"end":{"line":137,"column":3}}},"4":{"name":"(anonymous_14)","decl":{"start":{"line":141,"column":44},"end":{"line":141,"column":45}},"loc":{"start":{"line":141,"column":49},"end":{"line":141,"column":59}}},"5":{"name":"(anonymous_15)","decl":{"start":{"line":153,"column":22},"end":{"line":153,"column":25}},"loc":{"start":{"line":154,"column":12},"end":{"line":155,"column":null}}},"6":{"name":"(anonymous_16)","decl":{"start":{"line":154,"column":32},"end":{"line":154,"column":35}},"loc":{"start":{"line":154,"column":38},"end":{"line":154,"column":51}}},"7":{"name":"(anonymous_17)","decl":{"start":{"line":205,"column":21},"end":{"line":205,"column":24}},"loc":{"start":{"line":205,"column":27},"end":{"line":205,"column":43}}},"8":{"name":"(anonymous_18)","decl":{"start":{"line":222,"column":21},"end":{"line":222,"column":24}},"loc":{"start":{"line":222,"column":27},"end":{"line":222,"column":48}}},"9":{"name":"(anonymous_19)","decl":{"start":{"line":239,"column":21},"end":{"line":239,"column":24}},"loc":{"start":{"line":239,"column":27},"end":{"line":239,"column":46}}},"10":{"name":"(anonymous_20)","decl":{"start":{"line":259,"column":38},"end":{"line":259,"column":49}},"loc":{"start":{"line":260,"column":14},"end":{"line":262,"column":null}}}},"branchMap":{"0":{"loc":{"start":{"line":34,"column":4},"end":{"line":42,"column":5}},"type":"if","locations":[{"start":{"line":34,"column":4},"end":{"line":42,"column":5}},{"start":{"line":37,"column":11},"end":{"line":42,"column":5}}]},"1":{"loc":{"start":{"line":37,"column":11},"end":{"line":42,"column":5}},"type":"if","locations":[{"start":{"line":37,"column":11},"end":{"line":42,"column":5}}]},"2":{"loc":{"start":{"line":54,"column":18},"end":{"line":54,"column":57}},"type":"cond-expr","locations":[{"start":{"line":54,"column":52},"end":{"line":54,"column":53}},{"start":{"line":54,"column":56},"end":{"line":54,"column":57}}]},"3":{"loc":{"start":{"line":56,"column":22},"end":{"line":56,"column":87}},"type":"cond-expr","locations":[{"start":{"line":56,"column":56},"end":{"line":56,"column":80}},{"start":{"line":56,"column":83},"end":{"line":56,"column":87}}]},"4":{"loc":{"start":{"line":66,"column":22},"end":{"line":66,"column":80}},"type":"cond-expr","locations":[{"start":{"line":66,"column":49},"end":{"line":66,"column":73}},{"start":{"line":66,"column":76},"end":{"line":66,"column":80}}]},"5":{"loc":{"start":{"line":86,"column":22},"end":{"line":86,"column":91}},"type":"cond-expr","locations":[{"start":{"line":86,"column":60},"end":{"line":86,"column":84}},{"start":{"line":86,"column":87},"end":{"line":86,"column":91}}]},"6":{"loc":{"start":{"line":96,"column":22},"end":{"line":96,"column":88}},"type":"cond-expr","locations":[{"start":{"line":96,"column":57},"end":{"line":96,"column":81}},{"start":{"line":96,"column":84},"end":{"line":96,"column":88}}]},"7":{"loc":{"start":{"line":133,"column":4},"end":{"line":133,"column":38}},"type":"if","locations":[{"start":{"line":133,"column":4},"end":{"line":133,"column":38}}]},"8":{"loc":{"start":{"line":134,"column":4},"end":{"line":134,"column":59}},"type":"if","locations":[{"start":{"line":134,"column":4},"end":{"line":134,"column":59}}]},"9":{"loc":{"start":{"line":135,"column":4},"end":{"line":135,"column":58}},"type":"if","locations":[{"start":{"line":135,"column":4},"end":{"line":135,"column":58}}]},"10":{"loc":{"start":{"line":142,"column":31},"end":{"line":144,"column":7}},"type":"cond-expr","locations":[{"start":{"line":143,"column":6},"end":{"line":143,"column":59}},{"start":{"line":144,"column":6},"end":{"line":144,"column":7}}]},"11":{"loc":{"start":{"line":203,"column":14},"end":{"line":203,"column":53}},"type":"binary-expr","locations":[{"start":{"line":203,"column":14},"end":{"line":203,"column":30}},{"start":{"line":203,"column":34},"end":{"line":203,"column":53}}]},"12":{"loc":{"start":{"line":210,"column":16},"end":{"line":210,"column":59}},"type":"binary-expr","locations":[{"start":{"line":210,"column":16},"end":{"line":210,"column":32}},{"start":{"line":210,"column":36},"end":{"line":210,"column":59}}]},"13":{"loc":{"start":{"line":220,"column":14},"end":{"line":220,"column":58}},"type":"binary-expr","locations":[{"start":{"line":220,"column":14},"end":{"line":220,"column":35}},{"start":{"line":220,"column":39},"end":{"line":220,"column":58}}]},"14":{"loc":{"start":{"line":227,"column":16},"end":{"line":227,"column":64}},"type":"binary-expr","locations":[{"start":{"line":227,"column":16},"end":{"line":227,"column":37}},{"start":{"line":227,"column":41},"end":{"line":227,"column":64}}]},"15":{"loc":{"start":{"line":237,"column":14},"end":{"line":237,"column":56}},"type":"binary-expr","locations":[{"start":{"line":237,"column":14},"end":{"line":237,"column":33}},{"start":{"line":237,"column":37},"end":{"line":237,"column":56}}]},"16":{"loc":{"start":{"line":244,"column":16},"end":{"line":244,"column":62}},"type":"binary-expr","locations":[{"start":{"line":244,"column":16},"end":{"line":244,"column":35}},{"start":{"line":244,"column":39},"end":{"line":244,"column":62}}]},"17":{"loc":{"start":{"line":253,"column":9},"end":{"line":271,"column":null}},"type":"cond-expr","locations":[{"start":{"line":254,"column":10},"end":{"line":255,"column":null}},{"start":{"line":257,"column":12},"end":{"line":271,"column":null}}]},"18":{"loc":{"start":{"line":257,"column":12},"end":{"line":271,"column":null}},"type":"cond-expr","locations":[{"start":{"line":258,"column":10},"end":{"line":264,"column":null}},{"start":{"line":267,"column":10},"end":{"line":270,"column":null}}]}},"s":{"0":0,"1":0,"2":0,"3":0,"4":0,"5":0,"6":0,"7":0,"8":0,"9":0,"10":0,"11":0,"12":0,"13":0,"14":0,"15":0,"16":0,"17":0,"18":0,"19":0,"20":0,"21":0,"22":0,"23":0,"24":0,"25":0,"26":0,"27":0,"28":0,"29":0,"30":0,"31":0,"32":0,"33":0,"34":0,"35":0,"36":0,"37":0,"38":0,"39":0,"40":0,"41":0,"42":0,"43":0,"44":0},"f":{"0":0,"1":0,"2":0,"3":0,"4":0,"5":0,"6":0,"7":0,"8":0,"9":0,"10":0},"b":{"0":[0,0],"1":[0],"2":[0,0],"3":[0,0],"4":[0,0],"5":[0,0],"6":[0,0],"7":[0],"8":[0],"9":[0],"10":[0,0],"11":[0,0],"12":[0,0],"13":[0,0],"14":[0,0],"15":[0,0],"16":[0,0],"17":[0,0],"18":[0,0]}}
,"/Users/michaelalli/Documents/GitHub/FitMetallix/app/body-scan.tsx": {"path":"/Users/michaelalli/Documents/GitHub/FitMetallix/app/body-scan.tsx","statementMap":{"0":{"start":{"line":12,"column":0},"end":{"line":12,"column":24}},"1":{"start":{"line":1,"column":0},"end":{"line":1,"column":48}},"2":{"start":{"line":2,"column":0},"end":{"line":2,"column":89}},"3":{"start":{"line":3,"column":0},"end":{"line":3,"column":47}},"4":{"start":{"line":4,"column":0},"end":{"line":4,"column":75}},"5":{"start":{"line":5,"column":0},"end":{"line":5,"column":90}},"6":{"start":{"line":6,"column":0},"end":{"line":6,"column":44}},"7":{"start":{"line":7,"column":0},"end":{"line":7,"column":49}},"8":{"start":{"line":8,"column":0},"end":{"line":8,"column":59}},"9":{"start":{"line":9,"column":0},"end":{"line":9,"column":34}},"10":{"start":{"line":10,"column":0},"end":{"line":10,"column":41}},"11":{"start":{"line":13,"column":17},"end":{"line":13,"column":28}},"12":{"start":{"line":14,"column":42},"end":{"line":14,"column":64}},"13":{"start":{"line":15,"column":26},"end":{"line":15,"column":40}},"14":{"start":{"line":17,"column":30},"end":{"line":17,"column":58}},"15":{"start":{"line":18,"column":28},"end":{"line":18,"column":57}},"16":{"start":{"line":19,"column":36},"end":{"line":19,"column":51}},"17":{"start":{"line":20,"column":30},"end":{"line":20,"column":61}},"18":{"start":{"line":21,"column":52},"end":{"line":21,"column":74}},"19":{"start":{"line":22,"column":38},"end":{"line":22,"column":57}},"20":{"start":{"line":23,"column":20},"end":{"line":23,"column":44}},"21":{"start":{"line":26,"column":34},"end":{"line":39,"column":4}},"22":{"start":{"line":28,"column":6},"end":{"line":28,"column":43}},"23":{"start":{"line":30,"column":6},"end":{"line":30,"column":24}},"24":{"start":{"line":31,"column":6},"end":{"line":31,"column":49}},"25":{"start":{"line":32,"column":6},"end":{"line":32,"column":26}},"26":{"start":{"line":35,"column":6},"end":{"line":35,"column":57}},"27":{"start":{"line":36,"column":6},"end":{"line":36,"column":77}},"28":{"start":{"line":37,"column":6},"end":{"line":37,"column":26}},"29":{"start":{"line":41,"column":29},"end":{"line":43,"column":3}},"30":{"start":{"line":42,"column":4},"end":{"line":42,"column":66}},"31":{"start":{"line":42,"column":26},"end":{"line":42,"column":63}},"32":{"start":{"line":45,"column":20},"end":{"line":59,"column":3}},"33":{"start":{"line":46,"column":4},"end":{"line":46,"column":35}},"34":{"start":{"line":46,"column":28},"end":{"line":46,"column":35}},"35":{"start":{"line":48,"column":4},"end":{"line":58,"column":5}},"36":{"start":{"line":50,"column":6},"end":{"line":50,"column":127}},"37":{"start":{"line":56,"column":6},"end":{"line":56,"column":52}},"38":{"start":{"line":57,"column":6},"end":{"line":57,"column":70}},"39":{"start":{"line":61,"column":23},"end":{"line":74,"column":3}},"40":{"start":{"line":62,"column":4},"end":{"line":62,"column":23}},"41":{"start":{"line":65,"column":4},"end":{"line":73,"column":7}},"42":{"start":{"line":76,"column":20},"end":{"line":81,"column":3}},"43":{"start":{"line":77,"column":4},"end":{"line":77,"column":19}},"44":{"start":{"line":78,"column":4},"end":{"line":78,"column":20}},"45":{"start":{"line":79,"column":4},"end":{"line":79,"column":29}},"46":{"start":{"line":80,"column":4},"end":{"line":80,"column":21}},"47":{"start":{"line":83,"column":22},"end":{"line":92,"column":3}},"48":{"start":{"line":84,"column":4},"end":{"line":91,"column":5}},"49":{"start":{"line":85,"column":6},"end":{"line":85,"column":26}},"50":{"start":{"line":86,"column":6},"end":{"line":90,"column":8}},"51":{"start":{"line":89,"column":38},"end":{"line":89,"column":51}},"52":{"start":{"line":94,"column":2},"end":{"line":101,"column":3}},"53":{"start":{"line":96,"column":4},"end":{"line":100,"column":6}},"54":{"start":{"line":103,"column":2},"end":{"line":122,"column":3}},"55":{"start":{"line":105,"column":4},"end":{"line":121,"column":6}},"56":{"start":{"line":124,"column":2},"end":{"line":267,"column":4}},"57":{"start":{"line":132,"column":12},"end":{"line":133,"column":null}},"58":{"start":{"line":132,"column":38},"end":{"line":132,"column":51}},"59":{"start":{"line":234,"column":20},"end":{"line":236,"column":null}},"60":{"start":{"line":240,"column":39},"end":{"line":240,"column":55}},"61":{"start":{"line":241,"column":20},"end":{"line":243,"column":null}},"62":{"start":{"line":270,"column":15},"end":{"line":475,"column":2}}},"fnMap":{"0":{"name":"BodyScanScreen","decl":{"start":{"line":12,"column":24},"end":{"line":12,"column":38}},"loc":{"start":{"line":12,"column":38},"end":{"line":268,"column":1}}},"1":{"name":"(anonymous_11)","decl":{"start":{"line":27,"column":15},"end":{"line":27,"column":16}},"loc":{"start":{"line":27,"column":24},"end":{"line":33,"column":5}}},"2":{"name":"(anonymous_12)","decl":{"start":{"line":34,"column":13},"end":{"line":34,"column":14}},"loc":{"start":{"line":34,"column":23},"end":{"line":38,"column":5}}},"3":{"name":"(anonymous_13)","decl":{"start":{"line":41,"column":29},"end":{"line":41,"column":32}},"loc":{"start":{"line":41,"column":34},"end":{"line":43,"column":3}}},"4":{"name":"(anonymous_14)","decl":{"start":{"line":42,"column":14},"end":{"line":42,"column":21}},"loc":{"start":{"line":42,"column":26},"end":{"line":42,"column":63}}},"5":{"name":"(anonymous_15)","decl":{"start":{"line":45,"column":20},"end":{"line":45,"column":25}},"loc":{"start":{"line":45,"column":31},"end":{"line":59,"column":3}}},"6":{"name":"(anonymous_16)","decl":{"start":{"line":61,"column":23},"end":{"line":61,"column":28}},"loc":{"start":{"line":61,"column":34},"end":{"line":74,"column":3}}},"7":{"name":"(anonymous_17)","decl":{"start":{"line":76,"column":20},"end":{"line":76,"column":23}},"loc":{"start":{"line":76,"column":25},"end":{"line":81,"column":3}}},"8":{"name":"(anonymous_18)","decl":{"start":{"line":83,"column":22},"end":{"line":83,"column":25}},"loc":{"start":{"line":83,"column":27},"end":{"line":92,"column":3}}},"9":{"name":"(anonymous_19)","decl":{"start":{"line":89,"column":32},"end":{"line":89,"column":35}},"loc":{"start":{"line":89,"column":38},"end":{"line":89,"column":51}}},"10":{"name":"(anonymous_20)","decl":{"start":{"line":131,"column":22},"end":{"line":131,"column":25}},"loc":{"start":{"line":132,"column":12},"end":{"line":133,"column":null}}},"11":{"name":"(anonymous_21)","decl":{"start":{"line":132,"column":32},"end":{"line":132,"column":35}},"loc":{"start":{"line":132,"column":38},"end":{"line":132,"column":51}}},"12":{"name":"(anonymous_22)","decl":{"start":{"line":233,"column":40},"end":{"line":233,"column":41}},"loc":{"start":{"line":234,"column":20},"end":{"line":236,"column":null}}},"13":{"name":"(anonymous_23)","decl":{"start":{"line":240,"column":33},"end":{"line":240,"column":35}},"loc":{"start":{"line":240,"column":39},"end":{"line":240,"column":55}}},"14":{"name":"(anonymous_24)","decl":{"start":{"line":240,"column":78},"end":{"line":240,"column":79}},"loc":{"start":{"line":241,"column":20},"end":{"line":243,"column":null}}}},"branchMap":{"0":{"loc":{"start":{"line":42,"column":26},"end":{"line":42,"column":63}},"type":"cond-expr","locations":[{"start":{"line":42,"column":47},"end":{"line":42,"column":54}},{"start":{"line":42,"column":57},"end":{"line":42,"column":63}}]},"1":{"loc":{"start":{"line":46,"column":4},"end":{"line":46,"column":35}},"type":"if","locations":[{"start":{"line":46,"column":4},"end":{"line":46,"column":35}}]},"2":{"loc":{"start":{"line":72,"column":19},"end":{"line":72,"column":30}},"type":"binary-expr","locations":[{"start":{"line":72,"column":19},"end":{"line":72,"column":24}},{"start":{"line":72,"column":28},"end":{"line":72,"column":30}}]},"3":{"loc":{"start":{"line":84,"column":4},"end":{"line":91,"column":5}},"type":"if","locations":[{"start":{"line":84,"column":4},"end":{"line":91,"column":5}}]},"4":{"loc":{"start":{"line":94,"column":2},"end":{"line":101,"column":3}},"type":"if","locations":[{"start":{"line":94,"column":2},"end":{"line":101,"column":3}}]},"5":{"loc":{"start":{"line":103,"column":2},"end":{"line":122,"column":3}},"type":"if","locations":[{"start":{"line":103,"column":2},"end":{"line":122,"column":3}}]},"6":{"loc":{"start":{"line":139,"column":7},"end":{"line":264,"column":null}},"type":"cond-expr","locations":[{"start":{"line":141,"column":8},"end":{"line":184,"column":null}},{"start":{"line":188,"column":8},"end":{"line":263,"column":null}}]},"7":{"loc":{"start":{"line":146,"column":11},"end":{"line":179,"column":null}},"type":"cond-expr","locations":[{"start":{"line":147,"column":12},"end":{"line":166,"column":null}},{"start":{"line":170,"column":12},"end":{"line":178,"column":null}}]},"8":{"loc":{"start":{"line":189,"column":11},"end":{"line":262,"column":null}},"type":"cond-expr","locations":[{"start":{"line":191,"column":12},"end":{"line":207,"column":null}},{"start":{"line":211,"column":12},"end":{"line":261,"column":null}}]},"9":{"loc":{"start":{"line":232,"column":17},"end":{"line":245,"column":null}},"type":"cond-expr","locations":[{"start":{"line":233,"column":18},"end":{"line":238,"column":20}},{"start":{"line":240,"column":18},"end":{"line":245,"column":20}}]}},"s":{"0":0,"1":0,"2":0,"3":0,"4":0,"5":0,"6":0,"7":0,"8":0,"9":0,"10":0,"11":0,"12":0,"13":0,"14":0,"15":0,"16":0,"17":0,"18":0,"19":0,"20":0,"21":0,"22":0,"23":0,"24":0,"25":0,"26":0,"27":0,"28":0,"29":0,"30":0,"31":0,"32":0,"33":0,"34":0,"35":0,"36":0,"37":0,"38":0,"39":0,"40":0,"41":0,"42":0,"43":0,"44":0,"45":0,"46":0,"47":0,"48":0,"49":0,"50":0,"51":0,"52":0,"53":0,"54":0,"55":0,"56":0,"57":0,"58":0,"59":0,"60":0,"61":0,"62":0},"f":{"0":0,"1":0,"2":0,"3":0,"4":0,"5":0,"6":0,"7":0,"8":0,"9":0,"10":0,"11":0,"12":0,"13":0,"14":0},"b":{"0":[0,0],"1":[0],"2":[0,0],"3":[0],"4":[0],"5":[0],"6":[0,0],"7":[0,0],"8":[0,0],"9":[0,0]}}
,"/Users/michaelalli/Documents/GitHub/FitMetallix/app/edit-profile.tsx": {"path":"/Users/michaelalli/Documents/GitHub/FitMetallix/app/edit-profile.tsx","statementMap":{"0":{"start":{"line":11,"column":0},"end":{"line":11,"column":24}},"1":{"start":{"line":1,"column":0},"end":{"line":1,"column":40}},"2":{"start":{"line":2,"column":0},"end":{"line":2,"column":102}},"3":{"start":{"line":3,"column":0},"end":{"line":3,"column":47}},"4":{"start":{"line":4,"column":0},"end":{"line":4,"column":95}},"5":{"start":{"line":5,"column":0},"end":{"line":5,"column":49}},"6":{"start":{"line":6,"column":0},"end":{"line":6,"column":44}},"7":{"start":{"line":7,"column":0},"end":{"line":7,"column":49}},"8":{"start":{"line":9,"column":0},"end":{"line":9,"column":41}},"9":{"start":{"line":12,"column":17},"end":{"line":12,"column":28}},"10":{"start":{"line":13,"column":37},"end":{"line":13,"column":51}},"11":{"start":{"line":15,"column":26},"end":{"line":15,"column":54}},"12":{"start":{"line":16,"column":28},"end":{"line":16,"column":56}},"13":{"start":{"line":17,"column":24},"end":{"line":17,"column":75}},"14":{"start":{"line":18,"column":30},"end":{"line":18,"column":87}},"15":{"start":{"line":19,"column":30},"end":{"line":19,"column":87}},"16":{"start":{"line":20,"column":42},"end":{"line":20,"column":100}},"17":{"start":{"line":21,"column":42},"end":{"line":21,"column":71}},"18":{"start":{"line":22,"column":36},"end":{"line":22,"column":51}},"19":{"start":{"line":24,"column":63},"end":{"line":28,"column":4}},"20":{"start":{"line":30,"column":20},"end":{"line":46,"column":3}},"21":{"start":{"line":31,"column":4},"end":{"line":45,"column":5}},"22":{"start":{"line":32,"column":21},"end":{"line":37,"column":8}},"23":{"start":{"line":39,"column":6},"end":{"line":41,"column":7}},"24":{"start":{"line":40,"column":8},"end":{"line":40,"column":46}},"25":{"start":{"line":43,"column":6},"end":{"line":43,"column":51}},"26":{"start":{"line":44,"column":6},"end":{"line":44,"column":51}},"27":{"start":{"line":48,"column":21},"end":{"line":87,"column":3}},"28":{"start":{"line":49,"column":4},"end":{"line":49,"column":23}},"29":{"start":{"line":51,"column":4},"end":{"line":86,"column":5}},"30":{"start":{"line":53,"column":6},"end":{"line":57,"column":7}},"31":{"start":{"line":54,"column":8},"end":{"line":54,"column":49}},"32":{"start":{"line":55,"column":8},"end":{"line":55,"column":28}},"33":{"start":{"line":56,"column":8},"end":{"line":56,"column":15}},"34":{"start":{"line":60,"column":21},"end":{"line":60,"column":47}},"35":{"start":{"line":61,"column":24},"end":{"line":61,"column":58}},"36":{"start":{"line":62,"column":24},"end":{"line":62,"column":58}},"37":{"start":{"line":65,"column":6},"end":{"line":71,"column":9}},"38":{"start":{"line":74,"column":6},"end":{"line":74,"column":62}},"39":{"start":{"line":74,"column":35},"end":{"line":74,"column":60}},"40":{"start":{"line":76,"column":6},"end":{"line":80,"column":8}},"41":{"start":{"line":79,"column":38},"end":{"line":79,"column":51}},"42":{"start":{"line":82,"column":6},"end":{"line":82,"column":54}},"43":{"start":{"line":83,"column":6},"end":{"line":83,"column":55}},"44":{"start":{"line":85,"column":6},"end":{"line":85,"column":26}},"45":{"start":{"line":89,"column":2},"end":{"line":258,"column":4}},"46":{"start":{"line":97,"column":12},"end":{"line":98,"column":null}},"47":{"start":{"line":97,"column":38},"end":{"line":97,"column":51}},"48":{"start":{"line":214,"column":16},"end":{"line":229,"column":null}},"49":{"start":{"line":220,"column":33},"end":{"line":220,"column":58}},"50":{"start":{"line":239,"column":29},"end":{"line":239,"column":54}},"51":{"start":{"line":261,"column":15},"end":{"line":413,"column":2}}},"fnMap":{"0":{"name":"EditProfileScreen","decl":{"start":{"line":11,"column":24},"end":{"line":11,"column":41}},"loc":{"start":{"line":11,"column":41},"end":{"line":259,"column":1}}},"1":{"name":"(anonymous_11)","decl":{"start":{"line":30,"column":20},"end":{"line":30,"column":25}},"loc":{"start":{"line":30,"column":31},"end":{"line":46,"column":3}}},"2":{"name":"(anonymous_12)","decl":{"start":{"line":48,"column":21},"end":{"line":48,"column":26}},"loc":{"start":{"line":48,"column":32},"end":{"line":87,"column":3}}},"3":{"name":"(anonymous_13)","decl":{"start":{"line":74,"column":24},"end":{"line":74,"column":31}},"loc":{"start":{"line":74,"column":35},"end":{"line":74,"column":60}}},"4":{"name":"(anonymous_14)","decl":{"start":{"line":79,"column":32},"end":{"line":79,"column":35}},"loc":{"start":{"line":79,"column":38},"end":{"line":79,"column":51}}},"5":{"name":"(anonymous_15)","decl":{"start":{"line":96,"column":22},"end":{"line":96,"column":25}},"loc":{"start":{"line":97,"column":12},"end":{"line":98,"column":null}}},"6":{"name":"(anonymous_16)","decl":{"start":{"line":97,"column":32},"end":{"line":97,"column":35}},"loc":{"start":{"line":97,"column":38},"end":{"line":97,"column":51}}},"7":{"name":"(anonymous_17)","decl":{"start":{"line":213,"column":33},"end":{"line":213,"column":38}},"loc":{"start":{"line":214,"column":16},"end":{"line":229,"column":null}}},"8":{"name":"(anonymous_18)","decl":{"start":{"line":220,"column":27},"end":{"line":220,"column":30}},"loc":{"start":{"line":220,"column":33},"end":{"line":220,"column":58}}},"9":{"name":"(anonymous_19)","decl":{"start":{"line":239,"column":23},"end":{"line":239,"column":26}},"loc":{"start":{"line":239,"column":29},"end":{"line":239,"column":54}}}},"branchMap":{"0":{"loc":{"start":{"line":15,"column":35},"end":{"line":15,"column":53}},"type":"binary-expr","locations":[{"start":{"line":15,"column":35},"end":{"line":15,"column":47}},{"start":{"line":15,"column":51},"end":{"line":15,"column":53}}]},"1":{"loc":{"start":{"line":17,"column":33},"end":{"line":17,"column":74}},"type":"cond-expr","locations":[{"start":{"line":17,"column":47},"end":{"line":17,"column":69}},{"start":{"line":17,"column":72},"end":{"line":17,"column":74}}]},"2":{"loc":{"start":{"line":18,"column":39},"end":{"line":18,"column":86}},"type":"cond-expr","locations":[{"start":{"line":18,"column":56},"end":{"line":18,"column":81}},{"start":{"line":18,"column":84},"end":{"line":18,"column":86}}]},"3":{"loc":{"start":{"line":19,"column":39},"end":{"line":19,"column":86}},"type":"cond-expr","locations":[{"start":{"line":19,"column":56},"end":{"line":19,"column":81}},{"start":{"line":19,"column":84},"end":{"line":19,"column":86}}]},"4":{"loc":{"start":{"line":20,"column":65},"end":{"line":20,"column":99}},"type":"binary-expr","locations":[{"start":{"line":20,"column":65},"end":{"line":20,"column":85}},{"start":{"line":20,"column":89},"end":{"line":20,"column":99}}]},"5":{"loc":{"start":{"line":39,"column":6},"end":{"line":41,"column":7}},"type":"if","locations":[{"start":{"line":39,"column":6},"end":{"line":41,"column":7}}]},"6":{"loc":{"start":{"line":39,"column":10},"end":{"line":39,"column":71}},"type":"binary-expr","locations":[{"start":{"line":39,"column":10},"end":{"line":39,"column":26}},{"start":{"line":39,"column":30},"end":{"line":39,"column":43}},{"start":{"line":39,"column":47},"end":{"line":39,"column":71}}]},"7":{"loc":{"start":{"line":53,"column":6},"end":{"line":57,"column":7}},"type":"if","locations":[{"start":{"line":53,"column":6},"end":{"line":57,"column":7}}]},"8":{"loc":{"start":{"line":60,"column":21},"end":{"line":60,"column":47}},"type":"cond-expr","locations":[{"start":{"line":60,"column":27},"end":{"line":60,"column":40}},{"start":{"line":60,"column":43},"end":{"line":60,"column":47}}]},"9":{"loc":{"start":{"line":61,"column":24},"end":{"line":61,"column":58}},"type":"cond-expr","locations":[{"start":{"line":61,"column":33},"end":{"line":61,"column":51}},{"start":{"line":61,"column":54},"end":{"line":61,"column":58}}]},"10":{"loc":{"start":{"line":62,"column":24},"end":{"line":62,"column":58}},"type":"cond-expr","locations":[{"start":{"line":62,"column":33},"end":{"line":62,"column":51}},{"start":{"line":62,"column":54},"end":{"line":62,"column":58}}]},"11":{"loc":{"start":{"line":112,"column":13},"end":{"line":119,"column":null}},"type":"cond-expr","locations":[{"start":{"line":113,"column":14},"end":{"line":113,"column":82}},{"start":{"line":115,"column":14},"end":{"line":118,"column":null}}]},"12":{"loc":{"start":{"line":117,"column":19},"end":{"line":117,"column":60}},"type":"cond-expr","locations":[{"start":{"line":117,"column":26},"end":{"line":117,"column":54}},{"start":{"line":117,"column":57},"end":{"line":117,"column":60}}]},"13":{"loc":{"start":{"line":218,"column":20},"end":{"line":218,"column":69}},"type":"binary-expr","locations":[{"start":{"line":218,"column":20},"end":{"line":218,"column":45}},{"start":{"line":218,"column":49},"end":{"line":218,"column":69}}]},"14":{"loc":{"start":{"line":225,"column":22},"end":{"line":225,"column":75}},"type":"binary-expr","locations":[{"start":{"line":225,"column":22},"end":{"line":225,"column":47}},{"start":{"line":225,"column":51},"end":{"line":225,"column":75}}]},"15":{"loc":{"start":{"line":242,"column":17},"end":{"line":244,"column":64}},"type":"cond-expr","locations":[{"start":{"line":243,"column":20},"end":{"line":243,"column":66}},{"start":{"line":244,"column":20},"end":{"line":244,"column":64}}]}},"s":{"0":0,"1":0,"2":0,"3":0,"4":0,"5":0,"6":0,"7":0,"8":0,"9":0,"10":0,"11":0,"12":0,"13":0,"14":0,"15":0,"16":0,"17":0,"18":0,"19":0,"20":0,"21":0,"22":0,"23":0,"24":0,"25":0,"26":0,"27":0,"28":0,"29":0,"30":0,"31":0,"32":0,"33":0,"34":0,"35":0,"36":0,"37":0,"38":0,"39":0,"40":0,"41":0,"42":0,"43":0,"44":0,"45":0,"46":0,"47":0,"48":0,"49":0,"50":0,"51":0},"f":{"0":0,"1":0,"2":0,"3":0,"4":0,"5":0,"6":0,"7":0,"8":0,"9":0},"b":{"0":[0,0],"1":[0,0],"2":[0,0],"3":[0,0],"4":[0,0],"5":[0],"6":[0,0,0],"7":[0],"8":[0,0],"9":[0,0],"10":[0,0],"11":[0,0],"12":[0,0],"13":[0,0],"14":[0,0],"15":[0,0]}}
,"/Users/michaelalli/Documents/GitHub/FitMetallix/app/favorites.tsx": {"path":"/Users/michaelalli/Documents/GitHub/FitMetallix/app/favorites.tsx","statementMap":{"0":{"start":{"line":12,"column":0},"end":{"line":12,"column":24}},"1":{"start":{"line":1,"column":0},"end":{"line":1,"column":51}},"2":{"start":{"line":2,"column":0},"end":{"line":2,"column":84}},"3":{"start":{"line":3,"column":0},"end":{"line":3,"column":47}},"4":{"start":{"line":4,"column":0},"end":{"line":4,"column":57}},"5":{"start":{"line":5,"column":0},"end":{"line":5,"column":44}},"6":{"start":{"line":6,"column":0},"end":{"line":6,"column":55}},"7":{"start":{"line":7,"column":0},"end":{"line":7,"column":57}},"8":{"start":{"line":8,"column":0},"end":{"line":8,"column":34}},"9":{"start":{"line":9,"column":0},"end":{"line":9,"column":51}},"10":{"start":{"line":10,"column":0},"end":{"line":10,"column":41}},"11":{"start":{"line":13,"column":17},"end":{"line":13,"column":28}},"12":{"start":{"line":14,"column":47},"end":{"line":14,"column":64}},"13":{"start":{"line":15,"column":58},"end":{"line":15,"column":81}},"14":{"start":{"line":16,"column":36},"end":{"line":16,"column":50}},"15":{"start":{"line":19,"column":25},"end":{"line":19,"column":94}},"16":{"start":{"line":21,"column":2},"end":{"line":34,"column":118}},"17":{"start":{"line":22,"column":4},"end":{"line":33,"column":5}},"18":{"start":{"line":23,"column":6},"end":{"line":23,"column":51}},"19":{"start":{"line":24,"column":6},"end":{"line":24,"column":26}},"20":{"start":{"line":25,"column":11},"end":{"line":33,"column":5}},"21":{"start":{"line":26,"column":6},"end":{"line":26,"column":79}},"22":{"start":{"line":28,"column":29},"end":{"line":29,"column":null}},"23":{"start":{"line":29,"column":8},"end":{"line":29,"column":45}},"24":{"start":{"line":31,"column":6},"end":{"line":31,"column":46}},"25":{"start":{"line":32,"column":6},"end":{"line":32,"column":26}},"26":{"start":{"line":37,"column":2},"end":{"line":42,"column":25}},"27":{"start":{"line":38,"column":4},"end":{"line":41,"column":5}},"28":{"start":{"line":39,"column":6},"end":{"line":39,"column":34}},"29":{"start":{"line":40,"column":6},"end":{"line":40,"column":26}},"30":{"start":{"line":44,"column":26},"end":{"line":65,"column":3}},"31":{"start":{"line":45,"column":4},"end":{"line":45,"column":46}},"32":{"start":{"line":45,"column":39},"end":{"line":45,"column":46}},"33":{"start":{"line":47,"column":4},"end":{"line":64,"column":6}},"34":{"start":{"line":60,"column":12},"end":{"line":60,"column":63}},"35":{"start":{"line":60,"column":43},"end":{"line":60,"column":61}},"36":{"start":{"line":67,"column":2},"end":{"line":126,"column":4}},"37":{"start":{"line":75,"column":12},"end":{"line":76,"column":null}},"38":{"start":{"line":75,"column":38},"end":{"line":75,"column":51}},"39":{"start":{"line":103,"column":14},"end":{"line":106,"column":null}},"40":{"start":{"line":119,"column":29},"end":{"line":119,"column":60}},"41":{"start":{"line":129,"column":15},"end":{"line":200,"column":2}}},"fnMap":{"0":{"name":"FavoritesScreen","decl":{"start":{"line":12,"column":24},"end":{"line":12,"column":39}},"loc":{"start":{"line":12,"column":39},"end":{"line":127,"column":1}}},"1":{"name":"(anonymous_11)","decl":{"start":{"line":21,"column":12},"end":{"line":21,"column":15}},"loc":{"start":{"line":21,"column":17},"end":{"line":34,"column":3}}},"2":{"name":"(anonymous_12)","decl":{"start":{"line":28,"column":45},"end":{"line":28,"column":52}},"loc":{"start":{"line":29,"column":8},"end":{"line":29,"column":45}}},"3":{"name":"(anonymous_13)","decl":{"start":{"line":37,"column":12},"end":{"line":37,"column":15}},"loc":{"start":{"line":37,"column":17},"end":{"line":42,"column":3}}},"4":{"name":"(anonymous_14)","decl":{"start":{"line":44,"column":26},"end":{"line":44,"column":29}},"loc":{"start":{"line":44,"column":31},"end":{"line":65,"column":3}}},"5":{"name":"(anonymous_15)","decl":{"start":{"line":58,"column":19},"end":{"line":58,"column":22}},"loc":{"start":{"line":58,"column":24},"end":{"line":61,"column":11}}},"6":{"name":"(anonymous_16)","decl":{"start":{"line":60,"column":37},"end":{"line":60,"column":39}},"loc":{"start":{"line":60,"column":43},"end":{"line":60,"column":61}}},"7":{"name":"(anonymous_17)","decl":{"start":{"line":74,"column":22},"end":{"line":74,"column":25}},"loc":{"start":{"line":75,"column":12},"end":{"line":76,"column":null}}},"8":{"name":"(anonymous_18)","decl":{"start":{"line":75,"column":32},"end":{"line":75,"column":35}},"loc":{"start":{"line":75,"column":38},"end":{"line":75,"column":51}}},"9":{"name":"(anonymous_19)","decl":{"start":{"line":102,"column":38},"end":{"line":102,"column":45}},"loc":{"start":{"line":103,"column":14},"end":{"line":106,"column":null}}},"10":{"name":"(anonymous_20)","decl":{"start":{"line":119,"column":23},"end":{"line":119,"column":26}},"loc":{"start":{"line":119,"column":29},"end":{"line":119,"column":60}}}},"branchMap":{"0":{"loc":{"start":{"line":22,"column":4},"end":{"line":33,"column":5}},"type":"if","locations":[{"start":{"line":22,"column":4},"end":{"line":33,"column":5}},{"start":{"line":25,"column":11},"end":{"line":33,"column":5}}]},"1":{"loc":{"start":{"line":25,"column":11},"end":{"line":33,"column":5}},"type":"if","locations":[{"start":{"line":25,"column":11},"end":{"line":33,"column":5}}]},"2":{"loc":{"start":{"line":38,"column":4},"end":{"line":41,"column":5}},"type":"if","locations":[{"start":{"line":38,"column":4},"end":{"line":41,"column":5}}]},"3":{"loc":{"start":{"line":45,"column":4},"end":{"line":45,"column":46}},"type":"if","locations":[{"start":{"line":45,"column":4},"end":{"line":45,"column":46}}]},"4":{"loc":{"start":{"line":89,"column":11},"end":{"line":92,"column":null}},"type":"binary-expr","locations":[{"start":{"line":89,"column":11},"end":{"line":89,"column":38}},{"start":{"line":90,"column":12},"end":{"line":91,"column":null}}]},"5":{"loc":{"start":{"line":96,"column":9},"end":{"line":122,"column":null}},"type":"cond-expr","locations":[{"start":{"line":97,"column":10},"end":{"line":98,"column":null}},{"start":{"line":100,"column":12},"end":{"line":122,"column":null}}]},"6":{"loc":{"start":{"line":100,"column":12},"end":{"line":122,"column":null}},"type":"cond-expr","locations":[{"start":{"line":101,"column":10},"end":{"line":108,"column":null}},{"start":{"line":111,"column":10},"end":{"line":121,"column":null}}]}},"s":{"0":0,"1":0,"2":0,"3":0,"4":0,"5":0,"6":0,"7":0,"8":0,"9":0,"10":0,"11":0,"12":0,"13":0,"14":0,"15":0,"16":0,"17":0,"18":0,"19":0,"20":0,"21":0,"22":0,"23":0,"24":0,"25":0,"26":0,"27":0,"28":0,"29":0,"30":0,"31":0,"32":0,"33":0,"34":0,"35":0,"36":0,"37":0,"38":0,"39":0,"40":0,"41":0},"f":{"0":0,"1":0,"2":0,"3":0,"4":0,"5":0,"6":0,"7":0,"8":0,"9":0,"10":0},"b":{"0":[0,0],"1":[0],"2":[0],"3":[0],"4":[0,0],"5":[0,0],"6":[0,0]}}
,"/Users/michaelalli/Documents/GitHub/FitMetallix/app/health-news.tsx": {"path":"/Users/michaelalli/Documents/GitHub/FitMetallix/app/health-news.tsx","statementMap":{"0":{"start":{"line":15,"column":0},"end":{"line":15,"column":24}},"1":{"start":{"line":1,"column":0},"end":{"line":1,"column":51}},"2":{"start":{"line":2,"column":0},"end":{"line":2,"column":112}},"3":{"start":{"line":3,"column":0},"end":{"line":3,"column":47}},"4":{"start":{"line":4,"column":0},"end":{"line":4,"column":62}},"5":{"start":{"line":5,"column":0},"end":{"line":5,"column":44}},"6":{"start":{"line":6,"column":0},"end":{"line":6,"column":41}},"7":{"start":{"line":16,"column":17},"end":{"line":16,"column":28}},"8":{"start":{"line":17,"column":36},"end":{"line":17,"column":60}},"9":{"start":{"line":18,"column":36},"end":{"line":18,"column":50}},"10":{"start":{"line":19,"column":28},"end":{"line":19,"column":57}},"11":{"start":{"line":21,"column":2},"end":{"line":23,"column":9}},"12":{"start":{"line":22,"column":4},"end":{"line":22,"column":22}},"13":{"start":{"line":25,"column":26},"end":{"line":86,"column":3}},"14":{"start":{"line":26,"column":4},"end":{"line":26,"column":23}},"15":{"start":{"line":27,"column":4},"end":{"line":27,"column":19}},"16":{"start":{"line":29,"column":4},"end":{"line":85,"column":5}},"17":{"start":{"line":30,"column":23},"end":{"line":47,"column":8}},"18":{"start":{"line":49,"column":19},"end":{"line":49,"column":40}},"19":{"start":{"line":51,"column":6},"end":{"line":79,"column":7}},"20":{"start":{"line":53,"column":27},"end":{"line":53,"column":54}},"21":{"start":{"line":54,"column":8},"end":{"line":54,"column":33}},"22":{"start":{"line":56,"column":8},"end":{"line":56,"column":62}},"23":{"start":{"line":58,"column":29},"end":{"line":77,"column":10}},"24":{"start":{"line":78,"column":8},"end":{"line":78,"column":35}},"25":{"start":{"line":81,"column":6},"end":{"line":81,"column":58}},"26":{"start":{"line":82,"column":6},"end":{"line":82,"column":70}},"27":{"start":{"line":84,"column":6},"end":{"line":84,"column":26}},"28":{"start":{"line":88,"column":24},"end":{"line":90,"column":3}},"29":{"start":{"line":89,"column":4},"end":{"line":89,"column":22}},"30":{"start":{"line":92,"column":25},"end":{"line":97,"column":3}},"31":{"start":{"line":93,"column":4},"end":{"line":96,"column":7}},"32":{"start":{"line":94,"column":6},"end":{"line":94,"column":47}},"33":{"start":{"line":95,"column":6},"end":{"line":95,"column":54}},"34":{"start":{"line":99,"column":2},"end":{"line":172,"column":4}},"35":{"start":{"line":111,"column":12},"end":{"line":118,"column":null}},"36":{"start":{"line":113,"column":38},"end":{"line":116,"column":null}},"37":{"start":{"line":144,"column":14},"end":{"line":160,"column":null}},"38":{"start":{"line":146,"column":40},"end":{"line":149,"column":null}},"39":{"start":{"line":150,"column":31},"end":{"line":150,"column":55}},"40":{"start":{"line":175,"column":15},"end":{"line":276,"column":2}}},"fnMap":{"0":{"name":"HealthNewsScreen","decl":{"start":{"line":15,"column":24},"end":{"line":15,"column":40}},"loc":{"start":{"line":15,"column":40},"end":{"line":173,"column":1}}},"1":{"name":"(anonymous_11)","decl":{"start":{"line":21,"column":12},"end":{"line":21,"column":15}},"loc":{"start":{"line":21,"column":17},"end":{"line":23,"column":3}}},"2":{"name":"(anonymous_12)","decl":{"start":{"line":25,"column":26},"end":{"line":25,"column":31}},"loc":{"start":{"line":25,"column":37},"end":{"line":86,"column":3}}},"3":{"name":"(anonymous_13)","decl":{"start":{"line":88,"column":24},"end":{"line":88,"column":27}},"loc":{"start":{"line":88,"column":29},"end":{"line":90,"column":3}}},"4":{"name":"(anonymous_14)","decl":{"start":{"line":92,"column":25},"end":{"line":92,"column":26}},"loc":{"start":{"line":92,"column":41},"end":{"line":97,"column":3}}},"5":{"name":"(anonymous_15)","decl":{"start":{"line":93,"column":31},"end":{"line":93,"column":34}},"loc":{"start":{"line":93,"column":37},"end":{"line":96,"column":5}}},"6":{"name":"(anonymous_16)","decl":{"start":{"line":110,"column":23},"end":{"line":110,"column":26}},"loc":{"start":{"line":111,"column":12},"end":{"line":118,"column":null}}},"7":{"name":"(anonymous_17)","decl":{"start":{"line":113,"column":21},"end":{"line":113,"column":22}},"loc":{"start":{"line":113,"column":38},"end":{"line":116,"column":null}}},"8":{"name":"(anonymous_18)","decl":{"start":{"line":143,"column":27},"end":{"line":143,"column":28}},"loc":{"start":{"line":144,"column":14},"end":{"line":160,"column":null}}},"9":{"name":"(anonymous_19)","decl":{"start":{"line":146,"column":23},"end":{"line":146,"column":24}},"loc":{"start":{"line":146,"column":40},"end":{"line":149,"column":null}}},"10":{"name":"(anonymous_20)","decl":{"start":{"line":150,"column":25},"end":{"line":150,"column":28}},"loc":{"start":{"line":150,"column":31},"end":{"line":150,"column":55}}}},"branchMap":{"0":{"loc":{"start":{"line":115,"column":16},"end":{"line":115,"column":43}},"type":"binary-expr","locations":[{"start":{"line":115,"column":16},"end":{"line":115,"column":23}},{"start":{"line":115,"column":27},"end":{"line":115,"column":43}}]},"1":{"loc":{"start":{"line":127,"column":9},"end":{"line":168,"column":null}},"type":"cond-expr","locations":[{"start":{"line":128,"column":10},"end":{"line":130,"column":null}},{"start":{"line":132,"column":12},"end":{"line":168,"column":null}}]},"2":{"loc":{"start":{"line":132,"column":12},"end":{"line":168,"column":null}},"type":"cond-expr","locations":[{"start":{"line":133,"column":10},"end":{"line":139,"column":null}},{"start":{"line":142,"column":10},"end":{"line":167,"column":null}}]},"3":{"loc":{"start":{"line":148,"column":18},"end":{"line":148,"column":51}},"type":"binary-expr","locations":[{"start":{"line":148,"column":18},"end":{"line":148,"column":25}},{"start":{"line":148,"column":29},"end":{"line":148,"column":51}}]}},"s":{"0":0,"1":0,"2":0,"3":0,"4":0,"5":0,"6":0,"7":0,"8":0,"9":0,"10":0,"11":0,"12":0,"13":0,"14":0,"15":0,"16":0,"17":0,"18":0,"19":0,"20":0,"21":0,"22":0,"23":0,"24":0,"25":0,"26":0,"27":0,"28":0,"29":0,"30":0,"31":0,"32":0,"33":0,"34":0,"35":0,"36":0,"37":0,"38":0,"39":0,"40":0},"f":{"0":0,"1":0,"2":0,"3":0,"4":0,"5":0,"6":0,"7":0,"8":0,"9":0,"10":0},"b":{"0":[0,0],"1":[0,0],"2":[0,0],"3":[0,0]}}
,"/Users/michaelalli/Documents/GitHub/FitMetallix/app/login.tsx": {"path":"/Users/michaelalli/Documents/GitHub/FitMetallix/app/login.tsx","statementMap":{"0":{"start":{"line":11,"column":0},"end":{"line":11,"column":24}},"1":{"start":{"line":1,"column":0},"end":{"line":1,"column":40}},"2":{"start":{"line":2,"column":0},"end":{"line":2,"column":141}},"3":{"start":{"line":3,"column":0},"end":{"line":3,"column":40}},"4":{"start":{"line":4,"column":0},"end":{"line":4,"column":62}},"5":{"start":{"line":5,"column":0},"end":{"line":5,"column":54}},"6":{"start":{"line":6,"column":0},"end":{"line":6,"column":44}},"7":{"start":{"line":7,"column":0},"end":{"line":7,"column":49}},"8":{"start":{"line":8,"column":0},"end":{"line":8,"column":41}},"9":{"start":{"line":9,"column":0},"end":{"line":9,"column":63}},"10":{"start":{"line":12,"column":17},"end":{"line":12,"column":28}},"11":{"start":{"line":13,"column":42},"end":{"line":13,"column":56}},"12":{"start":{"line":15,"column":28},"end":{"line":15,"column":40}},"13":{"start":{"line":16,"column":34},"end":{"line":16,"column":46}},"14":{"start":{"line":17,"column":42},"end":{"line":17,"column":57}},"15":{"start":{"line":18,"column":32},"end":{"line":18,"column":46}},"16":{"start":{"line":19,"column":36},"end":{"line":19,"column":51}},"17":{"start":{"line":21,"column":35},"end":{"line":23,"column":3}},"18":{"start":{"line":22,"column":4},"end":{"line":22,"column":35}},"19":{"start":{"line":25,"column":25},"end":{"line":27,"column":3}},"20":{"start":{"line":26,"column":4},"end":{"line":26,"column":25}},"21":{"start":{"line":29,"column":21},"end":{"line":64,"column":3}},"22":{"start":{"line":30,"column":4},"end":{"line":33,"column":5}},"23":{"start":{"line":31,"column":6},"end":{"line":31,"column":56}},"24":{"start":{"line":32,"column":6},"end":{"line":32,"column":13}},"25":{"start":{"line":35,"column":4},"end":{"line":35,"column":23}},"26":{"start":{"line":37,"column":4},"end":{"line":63,"column":5}},"27":{"start":{"line":39,"column":6},"end":{"line":39,"column":62}},"28":{"start":{"line":39,"column":35},"end":{"line":39,"column":60}},"29":{"start":{"line":41,"column":6},"end":{"line":47,"column":7}},"30":{"start":{"line":43,"column":8},"end":{"line":43,"column":37}},"31":{"start":{"line":46,"column":8},"end":{"line":46,"column":37}},"32":{"start":{"line":50,"column":19},"end":{"line":50,"column":38}},"33":{"start":{"line":51,"column":6},"end":{"line":51,"column":30}},"34":{"start":{"line":54,"column":6},"end":{"line":54,"column":25}},"35":{"start":{"line":57,"column":6},"end":{"line":57,"column":52}},"36":{"start":{"line":59,"column":6},"end":{"line":59,"column":52}},"37":{"start":{"line":60,"column":6},"end":{"line":60,"column":72}},"38":{"start":{"line":62,"column":6},"end":{"line":62,"column":26}},"39":{"start":{"line":66,"column":28},"end":{"line":89,"column":3}},"40":{"start":{"line":67,"column":4},"end":{"line":88,"column":5}},"41":{"start":{"line":69,"column":6},"end":{"line":69,"column":60}},"42":{"start":{"line":72,"column":6},"end":{"line":72,"column":25}},"43":{"start":{"line":73,"column":6},"end":{"line":73,"column":62}},"44":{"start":{"line":73,"column":35},"end":{"line":73,"column":60}},"45":{"start":{"line":76,"column":6},"end":{"line":76,"column":83}},"46":{"start":{"line":79,"column":6},"end":{"line":79,"column":25}},"47":{"start":{"line":82,"column":6},"end":{"line":82,"column":26}},"48":{"start":{"line":84,"column":6},"end":{"line":84,"column":64}},"49":{"start":{"line":85,"column":6},"end":{"line":85,"column":64}},"50":{"start":{"line":87,"column":6},"end":{"line":87,"column":26}},"51":{"start":{"line":91,"column":21},"end":{"line":93,"column":3}},"52":{"start":{"line":92,"column":4},"end":{"line":92,"column":34}},"53":{"start":{"line":95,"column":2},"end":{"line":224,"column":4}},"54":{"start":{"line":190,"column":29},"end":{"line":190,"column":55}},"55":{"start":{"line":195,"column":29},"end":{"line":195,"column":56}},"56":{"start":{"line":227,"column":15},"end":{"line":359,"column":2}}},"fnMap":{"0":{"name":"LoginScreen","decl":{"start":{"line":11,"column":24},"end":{"line":11,"column":35}},"loc":{"start":{"line":11,"column":35},"end":{"line":225,"column":1}}},"1":{"name":"(anonymous_11)","decl":{"start":{"line":21,"column":35},"end":{"line":21,"column":38}},"loc":{"start":{"line":21,"column":40},"end":{"line":23,"column":3}}},"2":{"name":"(anonymous_12)","decl":{"start":{"line":25,"column":25},"end":{"line":25,"column":28}},"loc":{"start":{"line":25,"column":30},"end":{"line":27,"column":3}}},"3":{"name":"(anonymous_13)","decl":{"start":{"line":29,"column":21},"end":{"line":29,"column":26}},"loc":{"start":{"line":29,"column":32},"end":{"line":64,"column":3}}},"4":{"name":"(anonymous_14)","decl":{"start":{"line":39,"column":24},"end":{"line":39,"column":31}},"loc":{"start":{"line":39,"column":35},"end":{"line":39,"column":60}}},"5":{"name":"(anonymous_15)","decl":{"start":{"line":66,"column":28},"end":{"line":66,"column":33}},"loc":{"start":{"line":66,"column":67},"end":{"line":89,"column":3}}},"6":{"name":"(anonymous_16)","decl":{"start":{"line":73,"column":24},"end":{"line":73,"column":31}},"loc":{"start":{"line":73,"column":35},"end":{"line":73,"column":60}}},"7":{"name":"(anonymous_17)","decl":{"start":{"line":91,"column":21},"end":{"line":91,"column":24}},"loc":{"start":{"line":91,"column":26},"end":{"line":93,"column":3}}},"8":{"name":"(anonymous_18)","decl":{"start":{"line":190,"column":23},"end":{"line":190,"column":26}},"loc":{"start":{"line":190,"column":29},"end":{"line":190,"column":55}}},"9":{"name":"(anonymous_19)","decl":{"start":{"line":195,"column":23},"end":{"line":195,"column":26}},"loc":{"start":{"line":195,"column":29},"end":{"line":195,"column":56}}}},"branchMap":{"0":{"loc":{"start":{"line":30,"column":4},"end":{"line":33,"column":5}},"type":"if","locations":[{"start":{"line":30,"column":4},"end":{"line":33,"column":5}}]},"1":{"loc":{"start":{"line":30,"column":8},"end":{"line":30,"column":27}},"type":"binary-expr","locations":[{"start":{"line":30,"column":8},"end":{"line":30,"column":14}},{"start":{"line":30,"column":18},"end":{"line":30,"column":27}}]},"2":{"loc":{"start":{"line":41,"column":6},"end":{"line":47,"column":7}},"type":"if","locations":[{"start":{"line":41,"column":6},"end":{"line":47,"column":7}},{"start":{"line":44,"column":13},"end":{"line":47,"column":7}}]},"3":{"loc":{"start":{"line":57,"column":21},"end":{"line":57,"column":50}},"type":"cond-expr","locations":[{"start":{"line":57,"column":31},"end":{"line":57,"column":34}},{"start":{"line":57,"column":37},"end":{"line":57,"column":50}}]},"4":{"loc":{"start":{"line":60,"column":27},"end":{"line":60,"column":70}},"type":"cond-expr","locations":[{"start":{"line":60,"column":37},"end":{"line":60,"column":51}},{"start":{"line":60,"column":54},"end":{"line":60,"column":70}}]},"5":{"loc":{"start":{"line":76,"column":28},"end":{"line":76,"column":79}},"type":"cond-expr","locations":[{"start":{"line":76,"column":51},"end":{"line":76,"column":63}},{"start":{"line":76,"column":66},"end":{"line":76,"column":79}}]},"6":{"loc":{"start":{"line":98,"column":16},"end":{"line":98,"column":60}},"type":"cond-expr","locations":[{"start":{"line":98,"column":40},"end":{"line":98,"column":49}},{"start":{"line":98,"column":52},"end":{"line":98,"column":60}}]},"7":{"loc":{"start":{"line":99,"column":30},"end":{"line":99,"column":60}},"type":"cond-expr","locations":[{"start":{"line":99,"column":54},"end":{"line":99,"column":56}},{"start":{"line":99,"column":59},"end":{"line":99,"column":60}}]},"8":{"loc":{"start":{"line":121,"column":13},"end":{"line":121,"column":56}},"type":"cond-expr","locations":[{"start":{"line":121,"column":23},"end":{"line":121,"column":37}},{"start":{"line":121,"column":40},"end":{"line":121,"column":56}}]},"9":{"loc":{"start":{"line":158,"column":15},"end":{"line":161,"column":null}},"type":"cond-expr","locations":[{"start":{"line":159,"column":16},"end":{"line":159,"column":65}},{"start":{"line":161,"column":16},"end":{"line":161,"column":62}}]},"10":{"loc":{"start":{"line":166,"column":11},"end":{"line":169,"column":null}},"type":"binary-expr","locations":[{"start":{"line":166,"column":11},"end":{"line":166,"column":18}},{"start":{"line":167,"column":12},"end":{"line":168,"column":null}}]},"11":{"loc":{"start":{"line":173,"column":19},"end":{"line":173,"column":49}},"type":"cond-expr","locations":[{"start":{"line":173,"column":29},"end":{"line":173,"column":37}},{"start":{"line":173,"column":40},"end":{"line":173,"column":49}}]},"12":{"loc":{"start":{"line":206,"column":15},"end":{"line":206,"column":80}},"type":"cond-expr","locations":[{"start":{"line":206,"column":25},"end":{"line":206,"column":50}},{"start":{"line":206,"column":53},"end":{"line":206,"column":80}}]},"13":{"loc":{"start":{"line":208,"column":17},"end":{"line":208,"column":47}},"type":"cond-expr","locations":[{"start":{"line":208,"column":27},"end":{"line":208,"column":36}},{"start":{"line":208,"column":39},"end":{"line":208,"column":47}}]}},"s":{"0":0,"1":0,"2":0,"3":0,"4":0,"5":0,"6":0,"7":0,"8":0,"9":0,"10":0,"11":0,"12":0,"13":0,"14":0,"15":0,"16":0,"17":0,"18":0,"19":0,"20":0,"21":0,"22":0,"23":0,"24":0,"25":0,"26":0,"27":0,"28":0,"29":0,"30":0,"31":0,"32":0,"33":0,"34":0,"35":0,"36":0,"37":0,"38":0,"39":0,"40":0,"41":0,"42":0,"43":0,"44":0,"45":0,"46":0,"47":0,"48":0,"49":0,"50":0,"51":0,"52":0,"53":0,"54":0,"55":0,"56":0},"f":{"0":0,"1":0,"2":0,"3":0,"4":0,"5":0,"6":0,"7":0,"8":0,"9":0},"b":{"0":[0],"1":[0,0],"2":[0,0],"3":[0,0],"4":[0,0],"5":[0,0],"6":[0,0],"7":[0,0],"8":[0,0],"9":[0,0],"10":[0,0],"11":[0,0],"12":[0,0],"13":[0,0]}}
,"/Users/michaelalli/Documents/GitHub/FitMetallix/app/modal.tsx": {"path":"/Users/michaelalli/Documents/GitHub/FitMetallix/app/modal.tsx","statementMap":{"0":{"start":{"line":5,"column":0},"end":{"line":5,"column":24}},"1":{"start":{"line":1,"column":0},"end":{"line":1,"column":44}},"2":{"start":{"line":2,"column":0},"end":{"line":2,"column":26}},"3":{"start":{"line":3,"column":0},"end":{"line":3,"column":64}},"4":{"start":{"line":6,"column":2},"end":{"line":15,"column":4}},"5":{"start":{"line":18,"column":15},"end":{"line":33,"column":2}}},"fnMap":{"0":{"name":"ModalScreen","decl":{"start":{"line":5,"column":24},"end":{"line":5,"column":35}},"loc":{"start":{"line":5,"column":35},"end":{"line":16,"column":1}}}},"branchMap":{"0":{"loc":{"start":{"line":13,"column":24},"end":{"line":13,"column":64}},"type":"cond-expr","locations":[{"start":{"line":13,"column":48},"end":{"line":13,"column":55}},{"start":{"line":13,"column":58},"end":{"line":13,"column":64}}]}},"s":{"0":0,"1":0,"2":0,"3":0,"4":0,"5":0},"f":{"0":0},"b":{"0":[0,0]}}
,"/Users/michaelalli/Documents/GitHub/FitMetallix/app/notifications.tsx": {"path":"/Users/michaelalli/Documents/GitHub/FitMetallix/app/notifications.tsx","statementMap":{"0":{"start":{"line":8,"column":0},"end":{"line":8,"column":24}},"1":{"start":{"line":1,"column":0},"end":{"line":1,"column":40}},"2":{"start":{"line":2,"column":0},"end":{"line":2,"column":92}},"3":{"start":{"line":3,"column":0},"end":{"line":3,"column":47}},"4":{"start":{"line":4,"column":0},"end":{"line":4,"column":100}},"5":{"start":{"line":5,"column":0},"end":{"line":5,"column":44}},"6":{"start":{"line":6,"column":0},"end":{"line":6,"column":53}},"7":{"start":{"line":9,"column":17},"end":{"line":9,"column":28}},"8":{"start":{"line":12,"column":50},"end":{"line":12,"column":64}},"9":{"start":{"line":13,"column":50},"end":{"line":13,"column":64}},"10":{"start":{"line":14,"column":42},"end":{"line":14,"column":56}},"11":{"start":{"line":15,"column":42},"end":{"line":15,"column":56}},"12":{"start":{"line":16,"column":26},"end":{"line":16,"column":40}},"13":{"start":{"line":17,"column":32},"end":{"line":17,"column":47}},"14":{"start":{"line":20,"column":26},"end":{"line":38,"column":3}},"15":{"start":{"line":21,"column":4},"end":{"line":21,"column":31}},"16":{"start":{"line":23,"column":4},"end":{"line":37,"column":5}},"17":{"start":{"line":25,"column":6},"end":{"line":25,"column":33}},"18":{"start":{"line":26,"column":6},"end":{"line":26,"column":29}},"19":{"start":{"line":27,"column":6},"end":{"line":27,"column":29}},"20":{"start":{"line":28,"column":6},"end":{"line":28,"column":21}},"21":{"start":{"line":29,"column":6},"end":{"line":29,"column":24}},"22":{"start":{"line":32,"column":6},"end":{"line":32,"column":32}},"23":{"start":{"line":33,"column":6},"end":{"line":33,"column":28}},"24":{"start":{"line":34,"column":6},"end":{"line":34,"column":28}},"25":{"start":{"line":35,"column":6},"end":{"line":35,"column":20}},"26":{"start":{"line":41,"column":32},"end":{"line":47,"column":3}},"27":{"start":{"line":42,"column":4},"end":{"line":46,"column":6}},"28":{"start":{"line":49,"column":2},"end":{"line":201,"column":4}},"29":{"start":{"line":57,"column":12},"end":{"line":58,"column":null}},"30":{"start":{"line":57,"column":38},"end":{"line":57,"column":51}},"31":{"start":{"line":190,"column":29},"end":{"line":190,"column":92}},"32":{"start":{"line":204,"column":15},"end":{"line":259,"column":2}}},"fnMap":{"0":{"name":"NotificationsScreen","decl":{"start":{"line":8,"column":24},"end":{"line":8,"column":43}},"loc":{"start":{"line":8,"column":43},"end":{"line":202,"column":1}}},"1":{"name":"(anonymous_11)","decl":{"start":{"line":20,"column":26},"end":{"line":20,"column":27}},"loc":{"start":{"line":20,"column":45},"end":{"line":38,"column":3}}},"2":{"name":"(anonymous_12)","decl":{"start":{"line":41,"column":32},"end":{"line":41,"column":35}},"loc":{"start":{"line":41,"column":37},"end":{"line":47,"column":3}}},"3":{"name":"(anonymous_13)","decl":{"start":{"line":56,"column":22},"end":{"line":56,"column":25}},"loc":{"start":{"line":57,"column":12},"end":{"line":58,"column":null}}},"4":{"name":"(anonymous_14)","decl":{"start":{"line":57,"column":32},"end":{"line":57,"column":35}},"loc":{"start":{"line":57,"column":38},"end":{"line":57,"column":51}}},"5":{"name":"(anonymous_15)","decl":{"start":{"line":190,"column":23},"end":{"line":190,"column":26}},"loc":{"start":{"line":190,"column":29},"end":{"line":190,"column":92}}}},"branchMap":{"0":{"loc":{"start":{"line":23,"column":4},"end":{"line":37,"column":5}},"type":"if","locations":[{"start":{"line":23,"column":4},"end":{"line":37,"column":5}},{"start":{"line":30,"column":11},"end":{"line":37,"column":5}}]},"1":{"loc":{"start":{"line":83,"column":28},"end":{"line":83,"column":81}},"type":"cond-expr","locations":[{"start":{"line":83,"column":47},"end":{"line":83,"column":61}},{"start":{"line":83,"column":64},"end":{"line":83,"column":81}}]},"2":{"loc":{"start":{"line":104,"column":28},"end":{"line":104,"column":101}},"type":"cond-expr","locations":[{"start":{"line":104,"column":67},"end":{"line":104,"column":81}},{"start":{"line":104,"column":84},"end":{"line":104,"column":101}}]},"3":{"loc":{"start":{"line":104,"column":28},"end":{"line":104,"column":64}},"type":"binary-expr","locations":[{"start":{"line":104,"column":28},"end":{"line":104,"column":44}},{"start":{"line":104,"column":48},"end":{"line":104,"column":64}}]},"4":{"loc":{"start":{"line":120,"column":28},"end":{"line":120,"column":97}},"type":"cond-expr","locations":[{"start":{"line":120,"column":63},"end":{"line":120,"column":77}},{"start":{"line":120,"column":80},"end":{"line":120,"column":97}}]},"5":{"loc":{"start":{"line":120,"column":28},"end":{"line":120,"column":60}},"type":"binary-expr","locations":[{"start":{"line":120,"column":28},"end":{"line":120,"column":40}},{"start":{"line":120,"column":44},"end":{"line":120,"column":60}}]},"6":{"loc":{"start":{"line":136,"column":28},"end":{"line":136,"column":97}},"type":"cond-expr","locations":[{"start":{"line":136,"column":63},"end":{"line":136,"column":77}},{"start":{"line":136,"column":80},"end":{"line":136,"column":97}}]},"7":{"loc":{"start":{"line":136,"column":28},"end":{"line":136,"column":60}},"type":"binary-expr","locations":[{"start":{"line":136,"column":28},"end":{"line":136,"column":40}},{"start":{"line":136,"column":44},"end":{"line":136,"column":60}}]},"8":{"loc":{"start":{"line":152,"column":28},"end":{"line":152,"column":89}},"type":"cond-expr","locations":[{"start":{"line":152,"column":55},"end":{"line":152,"column":69}},{"start":{"line":152,"column":72},"end":{"line":152,"column":89}}]},"9":{"loc":{"start":{"line":152,"column":28},"end":{"line":152,"column":52}},"type":"binary-expr","locations":[{"start":{"line":152,"column":28},"end":{"line":152,"column":32}},{"start":{"line":152,"column":36},"end":{"line":152,"column":52}}]},"10":{"loc":{"start":{"line":168,"column":28},"end":{"line":168,"column":92}},"type":"cond-expr","locations":[{"start":{"line":168,"column":58},"end":{"line":168,"column":72}},{"start":{"line":168,"column":75},"end":{"line":168,"column":92}}]},"11":{"loc":{"start":{"line":168,"column":28},"end":{"line":168,"column":55}},"type":"binary-expr","locations":[{"start":{"line":168,"column":28},"end":{"line":168,"column":35}},{"start":{"line":168,"column":39},"end":{"line":168,"column":55}}]},"12":{"loc":{"start":{"line":176,"column":9},"end":{"line":193,"column":null}},"type":"binary-expr","locations":[{"start":{"line":176,"column":9},"end":{"line":176,"column":25}},{"start":{"line":176,"column":29},"end":{"line":176,"column":45}},{"start":{"line":177,"column":10},"end":{"line":192,"column":null}}]}},"s":{"0":0,"1":0,"2":0,"3":0,"4":0,"5":0,"6":0,"7":0,"8":0,"9":0,"10":0,"11":0,"12":0,"13":0,"14":0,"15":0,"16":0,"17":0,"18":0,"19":0,"20":0,"21":0,"22":0,"23":0,"24":0,"25":0,"26":0,"27":0,"28":0,"29":0,"30":0,"31":0,"32":0},"f":{"0":0,"1":0,"2":0,"3":0,"4":0,"5":0},"b":{"0":[0,0],"1":[0,0],"2":[0,0],"3":[0,0],"4":[0,0],"5":[0,0],"6":[0,0],"7":[0,0],"8":[0,0],"9":[0,0],"10":[0,0],"11":[0,0],"12":[0,0,0]}}
,"/Users/michaelalli/Documents/GitHub/FitMetallix/app/onboarding.tsx": {"path":"/Users/michaelalli/Documents/GitHub/FitMetallix/app/onboarding.tsx","statementMap":{"0":{"start":{"line":11,"column":0},"end":{"line":11,"column":24}},"1":{"start":{"line":1,"column":0},"end":{"line":1,"column":40}},"2":{"start":{"line":2,"column":0},"end":{"line":2,"column":95}},"3":{"start":{"line":3,"column":0},"end":{"line":3,"column":40}},"4":{"start":{"line":4,"column":0},"end":{"line":4,"column":44}},"5":{"start":{"line":5,"column":0},"end":{"line":5,"column":49}},"6":{"start":{"line":6,"column":0},"end":{"line":6,"column":63}},"7":{"start":{"line":7,"column":0},"end":{"line":7,"column":34}},"8":{"start":{"line":8,"column":0},"end":{"line":8,"column":41}},"9":{"start":{"line":9,"column":0},"end":{"line":9,"column":53}},"10":{"start":{"line":12,"column":17},"end":{"line":12,"column":28}},"11":{"start":{"line":13,"column":42},"end":{"line":13,"column":56}},"12":{"start":{"line":15,"column":26},"end":{"line":15,"column":37}},"13":{"start":{"line":16,"column":26},"end":{"line":16,"column":38}},"14":{"start":{"line":17,"column":24},"end":{"line":17,"column":36}},"15":{"start":{"line":18,"column":30},"end":{"line":18,"column":42}},"16":{"start":{"line":19,"column":30},"end":{"line":19,"column":42}},"17":{"start":{"line":20,"column":42},"end":{"line":20,"column":76}},"18":{"start":{"line":21,"column":42},"end":{"line":21,"column":64}},"19":{"start":{"line":22,"column":50},"end":{"line":22,"column":79}},"20":{"start":{"line":23,"column":42},"end":{"line":23,"column":57}},"21":{"start":{"line":26,"column":32},"end":{"line":39,"column":4}},"22":{"start":{"line":28,"column":6},"end":{"line":28,"column":29}},"23":{"start":{"line":29,"column":6},"end":{"line":29,"column":25}},"24":{"start":{"line":30,"column":6},"end":{"line":30,"column":26}},"25":{"start":{"line":33,"column":6},"end":{"line":33,"column":54}},"26":{"start":{"line":34,"column":6},"end":{"line":34,"column":29}},"27":{"start":{"line":36,"column":6},"end":{"line":36,"column":25}},"28":{"start":{"line":37,"column":6},"end":{"line":37,"column":26}},"29":{"start":{"line":41,"column":63},"end":{"line":45,"column":4}},"30":{"start":{"line":47,"column":22},"end":{"line":55,"column":4}},"31":{"start":{"line":57,"column":21},"end":{"line":63,"column":3}},"32":{"start":{"line":58,"column":4},"end":{"line":62,"column":5}},"33":{"start":{"line":59,"column":6},"end":{"line":59,"column":60}},"34":{"start":{"line":59,"column":47},"end":{"line":59,"column":57}},"35":{"start":{"line":61,"column":6},"end":{"line":61,"column":47}},"36":{"start":{"line":65,"column":21},"end":{"line":88,"column":3}},"37":{"start":{"line":66,"column":4},"end":{"line":87,"column":5}},"38":{"start":{"line":67,"column":6},"end":{"line":67,"column":24}},"39":{"start":{"line":70,"column":6},"end":{"line":70,"column":28}},"40":{"start":{"line":72,"column":26},"end":{"line":80,"column":8}},"41":{"start":{"line":83,"column":6},"end":{"line":83,"column":33}},"42":{"start":{"line":86,"column":6},"end":{"line":86,"column":48}},"43":{"start":{"line":90,"column":21},"end":{"line":94,"column":3}},"44":{"start":{"line":91,"column":4},"end":{"line":93,"column":5}},"45":{"start":{"line":92,"column":6},"end":{"line":92,"column":24}},"46":{"start":{"line":96,"column":25},"end":{"line":109,"column":3}},"47":{"start":{"line":97,"column":4},"end":{"line":108,"column":5}},"48":{"start":{"line":99,"column":8},"end":{"line":99,"column":21}},"49":{"start":{"line":101,"column":8},"end":{"line":101,"column":41}},"50":{"start":{"line":103,"column":8},"end":{"line":103,"column":29}},"51":{"start":{"line":105,"column":8},"end":{"line":105,"column":49}},"52":{"start":{"line":107,"column":8},"end":{"line":107,"column":21}},"53":{"start":{"line":111,"column":21},"end":{"line":294,"column":3}},"54":{"start":{"line":112,"column":4},"end":{"line":293,"column":5}},"55":{"start":{"line":114,"column":8},"end":{"line":175,"column":10}},"56":{"start":{"line":178,"column":8},"end":{"line":208,"column":10}},"57":{"start":{"line":187,"column":16},"end":{"line":203,"column":null}},"58":{"start":{"line":193,"column":33},"end":{"line":193,"column":49}},"59":{"start":{"line":211,"column":8},"end":{"line":268,"column":10}},"60":{"start":{"line":220,"column":16},"end":{"line":263,"column":null}},"61":{"start":{"line":226,"column":33},"end":{"line":226,"column":58}},"62":{"start":{"line":271,"column":8},"end":{"line":289,"column":10}},"63":{"start":{"line":280,"column":16},"end":{"line":284,"column":null}},"64":{"start":{"line":284,"column":38},"end":{"line":284,"column":63}},"65":{"start":{"line":292,"column":8},"end":{"line":292,"column":20}},"66":{"start":{"line":296,"column":2},"end":{"line":339,"column":4}},"67":{"start":{"line":300,"column":10},"end":{"line":305,"column":null}},"68":{"start":{"line":342,"column":15},"end":{"line":465,"column":2}}},"fnMap":{"0":{"name":"OnboardingScreen","decl":{"start":{"line":11,"column":24},"end":{"line":11,"column":40}},"loc":{"start":{"line":11,"column":40},"end":{"line":340,"column":1}}},"1":{"name":"(anonymous_11)","decl":{"start":{"line":27,"column":15},"end":{"line":27,"column":16}},"loc":{"start":{"line":27,"column":24},"end":{"line":31,"column":5}}},"2":{"name":"(anonymous_12)","decl":{"start":{"line":32,"column":13},"end":{"line":32,"column":14}},"loc":{"start":{"line":32,"column":23},"end":{"line":38,"column":5}}},"3":{"name":"(anonymous_13)","decl":{"start":{"line":57,"column":21},"end":{"line":57,"column":22}},"loc":{"start":{"line":57,"column":38},"end":{"line":63,"column":3}}},"4":{"name":"(anonymous_14)","decl":{"start":{"line":59,"column":42},"end":{"line":59,"column":43}},"loc":{"start":{"line":59,"column":47},"end":{"line":59,"column":57}}},"5":{"name":"(anonymous_15)","decl":{"start":{"line":65,"column":21},"end":{"line":65,"column":24}},"loc":{"start":{"line":65,"column":26},"end":{"line":88,"column":3}}},"6":{"name":"(anonymous_16)","decl":{"start":{"line":90,"column":21},"end":{"line":90,"column":24}},"loc":{"start":{"line":90,"column":26},"end":{"line":94,"column":3}}},"7":{"name":"(anonymous_17)","decl":{"start":{"line":96,"column":25},"end":{"line":96,"column":28}},"loc":{"start":{"line":96,"column":30},"end":{"line":109,"column":3}}},"8":{"name":"(anonymous_18)","decl":{"start":{"line":111,"column":21},"end":{"line":111,"column":24}},"loc":{"start":{"line":111,"column":26},"end":{"line":294,"column":3}}},"9":{"name":"(anonymous_19)","decl":{"start":{"line":186,"column":31},"end":{"line":186,"column":35}},"loc":{"start":{"line":187,"column":16},"end":{"line":203,"column":null}}},"10":{"name":"(anonymous_20)","decl":{"start":{"line":193,"column":27},"end":{"line":193,"column":30}},"loc":{"start":{"line":193,"column":33},"end":{"line":193,"column":49}}},"11":{"name":"(anonymous_21)","decl":{"start":{"line":219,"column":33},"end":{"line":219,"column":38}},"loc":{"start":{"line":220,"column":16},"end":{"line":263,"column":null}}},"12":{"name":"(anonymous_22)","decl":{"start":{"line":226,"column":27},"end":{"line":226,"column":30}},"loc":{"start":{"line":226,"column":33},"end":{"line":226,"column":58}}},"13":{"name":"(anonymous_23)","decl":{"start":{"line":279,"column":29},"end":{"line":279,"column":37}},"loc":{"start":{"line":280,"column":16},"end":{"line":284,"column":null}}},"14":{"name":"(anonymous_24)","decl":{"start":{"line":284,"column":28},"end":{"line":284,"column":29}},"loc":{"start":{"line":284,"column":38},"end":{"line":284,"column":63}}},"15":{"name":"(anonymous_25)","decl":{"start":{"line":299,"column":26},"end":{"line":299,"column":27}},"loc":{"start":{"line":300,"column":10},"end":{"line":305,"column":null}}}},"branchMap":{"0":{"loc":{"start":{"line":58,"column":4},"end":{"line":62,"column":5}},"type":"if","locations":[{"start":{"line":58,"column":4},"end":{"line":62,"column":5}},{"start":{"line":60,"column":11},"end":{"line":62,"column":5}}]},"1":{"loc":{"start":{"line":66,"column":4},"end":{"line":87,"column":5}},"type":"if","locations":[{"start":{"line":66,"column":4},"end":{"line":87,"column":5}},{"start":{"line":68,"column":11},"end":{"line":87,"column":5}}]},"2":{"loc":{"start":{"line":74,"column":13},"end":{"line":74,"column":39}},"type":"cond-expr","locations":[{"start":{"line":74,"column":19},"end":{"line":74,"column":32}},{"start":{"line":74,"column":35},"end":{"line":74,"column":39}}]},"3":{"loc":{"start":{"line":75,"column":16},"end":{"line":75,"column":50}},"type":"cond-expr","locations":[{"start":{"line":75,"column":25},"end":{"line":75,"column":43}},{"start":{"line":75,"column":46},"end":{"line":75,"column":50}}]},"4":{"loc":{"start":{"line":76,"column":16},"end":{"line":76,"column":50}},"type":"cond-expr","locations":[{"start":{"line":76,"column":25},"end":{"line":76,"column":43}},{"start":{"line":76,"column":46},"end":{"line":76,"column":50}}]},"5":{"loc":{"start":{"line":91,"column":4},"end":{"line":93,"column":5}},"type":"if","locations":[{"start":{"line":91,"column":4},"end":{"line":93,"column":5}}]},"6":{"loc":{"start":{"line":97,"column":4},"end":{"line":108,"column":5}},"type":"switch","locations":[{"start":{"line":98,"column":6},"end":{"line":99,"column":21}},{"start":{"line":100,"column":6},"end":{"line":101,"column":41}},{"start":{"line":102,"column":6},"end":{"line":103,"column":29}},{"start":{"line":104,"column":6},"end":{"line":105,"column":49}},{"start":{"line":106,"column":6},"end":{"line":107,"column":21}}]},"7":{"loc":{"start":{"line":105,"column":15},"end":{"line":105,"column":48}},"type":"binary-expr","locations":[{"start":{"line":105,"column":15},"end":{"line":105,"column":32}},{"start":{"line":105,"column":36},"end":{"line":105,"column":48}}]},"8":{"loc":{"start":{"line":112,"column":4},"end":{"line":293,"column":5}},"type":"switch","locations":[{"start":{"line":113,"column":6},"end":{"line":175,"column":10}},{"start":{"line":177,"column":6},"end":{"line":208,"column":10}},{"start":{"line":210,"column":6},"end":{"line":268,"column":10}},{"start":{"line":270,"column":6},"end":{"line":289,"column":10}},{"start":{"line":291,"column":6},"end":{"line":292,"column":20}}]},"9":{"loc":{"start":{"line":191,"column":20},"end":{"line":191,"column":70}},"type":"binary-expr","locations":[{"start":{"line":191,"column":20},"end":{"line":191,"column":47}},{"start":{"line":191,"column":51},"end":{"line":191,"column":70}}]},"10":{"loc":{"start":{"line":199,"column":22},"end":{"line":199,"column":76}},"type":"binary-expr","locations":[{"start":{"line":199,"column":22},"end":{"line":199,"column":49}},{"start":{"line":199,"column":53},"end":{"line":199,"column":76}}]},"11":{"loc":{"start":{"line":224,"column":20},"end":{"line":224,"column":69}},"type":"binary-expr","locations":[{"start":{"line":224,"column":20},"end":{"line":224,"column":45}},{"start":{"line":224,"column":49},"end":{"line":224,"column":69}}]},"12":{"loc":{"start":{"line":232,"column":22},"end":{"line":232,"column":75}},"type":"binary-expr","locations":[{"start":{"line":232,"column":22},"end":{"line":232,"column":47}},{"start":{"line":232,"column":51},"end":{"line":232,"column":75}}]},"13":{"loc":{"start":{"line":238,"column":19},"end":{"line":244,"column":null}},"type":"binary-expr","locations":[{"start":{"line":238,"column":19},"end":{"line":238,"column":42}},{"start":{"line":239,"column":20},"end":{"line":242,"column":null}}]},"14":{"loc":{"start":{"line":241,"column":22},"end":{"line":241,"column":82}},"type":"binary-expr","locations":[{"start":{"line":241,"column":22},"end":{"line":241,"column":47}},{"start":{"line":241,"column":51},"end":{"line":241,"column":82}}]},"15":{"loc":{"start":{"line":247,"column":19},"end":{"line":253,"column":null}},"type":"binary-expr","locations":[{"start":{"line":247,"column":19},"end":{"line":247,"column":46}},{"start":{"line":248,"column":20},"end":{"line":251,"column":null}}]},"16":{"loc":{"start":{"line":250,"column":22},"end":{"line":250,"column":82}},"type":"binary-expr","locations":[{"start":{"line":250,"column":22},"end":{"line":250,"column":47}},{"start":{"line":250,"column":51},"end":{"line":250,"column":82}}]},"17":{"loc":{"start":{"line":256,"column":19},"end":{"line":262,"column":null}},"type":"binary-expr","locations":[{"start":{"line":256,"column":19},"end":{"line":256,"column":42}},{"start":{"line":257,"column":20},"end":{"line":260,"column":null}}]},"18":{"loc":{"start":{"line":259,"column":22},"end":{"line":259,"column":82}},"type":"binary-expr","locations":[{"start":{"line":259,"column":22},"end":{"line":259,"column":47}},{"start":{"line":259,"column":51},"end":{"line":259,"column":82}}]},"19":{"loc":{"start":{"line":304,"column":14},"end":{"line":304,"column":43}},"type":"binary-expr","locations":[{"start":{"line":304,"column":14},"end":{"line":304,"column":23}},{"start":{"line":304,"column":27},"end":{"line":304,"column":43}}]},"20":{"loc":{"start":{"line":319,"column":9},"end":{"line":326,"column":null}},"type":"binary-expr","locations":[{"start":{"line":319,"column":9},"end":{"line":319,"column":17}},{"start":{"line":320,"column":10},"end":{"line":325,"column":null}}]},"21":{"loc":{"start":{"line":330,"column":17},"end":{"line":330,"column":47}},"type":"cond-expr","locations":[{"start":{"line":330,"column":30},"end":{"line":330,"column":38}},{"start":{"line":330,"column":41},"end":{"line":330,"column":47}}]},"22":{"loc":{"start":{"line":334,"column":40},"end":{"line":334,"column":56}},"type":"cond-expr","locations":[{"start":{"line":334,"column":51},"end":{"line":334,"column":52}},{"start":{"line":334,"column":55},"end":{"line":334,"column":56}}]}},"s":{"0":0,"1":0,"2":0,"3":0,"4":0,"5":0,"6":0,"7":0,"8":0,"9":0,"10":0,"11":0,"12":0,"13":0,"14":0,"15":0,"16":0,"17":0,"18":0,"19":0,"20":0,"21":0,"22":0,"23":0,"24":0,"25":0,"26":0,"27":0,"28":0,"29":0,"30":0,"31":0,"32":0,"33":0,"34":0,"35":0,"36":0,"37":0,"38":0,"39":0,"40":0,"41":0,"42":0,"43":0,"44":0,"45":0,"46":0,"47":0,"48":0,"49":0,"50":0,"51":0,"
[...]
,"/Users/michaelalli/Documents/GitHub/FitMetallix/components/WorkoutCard.tsx": {"path":"/Users/michaelalli/Documents/GitHub/FitMetallix/components/WorkoutCard.tsx","statementMap":{"0":{"start":{"line":15,"column":0},"end":{"line":15,"column":24}},"1":{"start":{"line":1,"column":0},"end":{"line":1,"column":26}},"2":{"start":{"line":2,"column":0},"end":{"line":2,"column":72}},"3":{"start":{"line":3,"column":0},"end":{"line":3,"column":40}},"4":{"start":{"line":4,"column":0},"end":{"line":4,"column":58}},"5":{"start":{"line":5,"column":0},"end":{"line":5,"column":44}},"6":{"start":{"line":7,"column":0},"end":{"line":7,"column":55}},"7":{"start":{"line":16,"column":17},"end":{"line":16,"column":28}},"8":{"start":{"line":17,"column":60},"end":{"line":17,"column":77}},"9":{"start":{"line":19,"column":16},"end":{"line":19,"column":67}},"10":{"start":{"line":21,"column":22},"end":{"line":29,"column":3}},"11":{"start":{"line":23,"column":4},"end":{"line":23,"column":28}},"12":{"start":{"line":25,"column":4},"end":{"line":28,"column":7}},"13":{"start":{"line":31,"column":30},"end":{"line":34,"column":3}},"14":{"start":{"line":32,"column":4},"end":{"line":32,"column":24}},"15":{"start":{"line":33,"column":4},"end":{"line":33,"column":31}},"16":{"start":{"line":36,"column":2},"end":{"line":84,"column":4}},"17":{"start":{"line":38,"column":30},"end":{"line":41,"column":null}},"18":{"start":{"line":55,"column":36},"end":{"line":58,"column":null}},"19":{"start":{"line":87,"column":15},"end":{"line":177,"column":2}}},"fnMap":{"0":{"name":"WorkoutCard","decl":{"start":{"line":15,"column":24},"end":{"line":15,"column":35}},"loc":{"start":{"line":15,"column":93},"end":{"line":85,"column":1}}},"1":{"name":"(anonymous_2)","decl":{"start":{"line":21,"column":22},"end":{"line":21,"column":25}},"loc":{"start":{"line":21,"column":27},"end":{"line":29,"column":3}}},"2":{"name":"(anonymous_3)","decl":{"start":{"line":31,"column":30},"end":{"line":31,"column":31}},"loc":{"start":{"line":31,"column":41},"end":{"line":34,"column":3}}},"3":{"name":"(anonymous_4)","decl":{"start":{"line":38,"column":13},"end":{"line":38,"column":14}},"loc":{"start":{"line":38,"column":30},"end":{"line":41,"column":null}}},"4":{"name":"(anonymous_5)","decl":{"start":{"line":55,"column":19},"end":{"line":55,"column":20}},"loc":{"start":{"line":55,"column":36},"end":{"line":58,"column":null}}}},"branchMap":{"0":{"loc":{"start":{"line":15,"column":47},"end":{"line":15,"column":65}},"type":"default-arg","locations":[{"start":{"line":15,"column":60},"end":{"line":15,"column":65}}]},"1":{"loc":{"start":{"line":19,"column":16},"end":{"line":19,"column":67}},"type":"binary-expr","locations":[{"start":{"line":19,"column":16},"end":{"line":19,"column":26}},{"start":{"line":19,"column":30},"end":{"line":19,"column":67}}]},"2":{"loc":{"start":{"line":40,"column":8},"end":{"line":40,"column":33}},"type":"binary-expr","locations":[{"start":{"line":40,"column":8},"end":{"line":40,"column":15}},{"start":{"line":40,"column":19},"end":{"line":40,"column":33}}]},"3":{"loc":{"start":{"line":43,"column":14},"end":{"line":43,"column":52}},"type":"binary-expr","locations":[{"start":{"line":43,"column":14},"end":{"line":43,"column":20}},{"start":{"line":43,"column":24},"end":{"line":43,"column":52}}]},"4":{"loc":{"start":{"line":57,"column":14},"end":{"line":57,"column":41}},"type":"binary-expr","locations":[{"start":{"line":57,"column":14},"end":{"line":57,"column":21}},{"start":{"line":57,"column":25},"end":{"line":57,"column":41}}]},"5":{"loc":{"start":{"line":62,"column":21},"end":{"line":62,"column":56}},"type":"cond-expr","locations":[{"start":{"line":62,"column":29},"end":{"line":62,"column":41}},{"start":{"line":62,"column":44},"end":{"line":62,"column":56}}]},"6":{"loc":{"start":{"line":63,"column":20},"end":{"line":63,"column":56}},"type":"cond-expr","locations":[{"start":{"line":63,"column":28},"end":{"line":63,"column":40}},{"start":{"line":63,"column":43},"end":{"line":63,"column":56}}]}},"s":{"0":1,"1":1,"2":1,"3":1,"4":1,"5":1,"6":1,"7":21,"8":21,"9":21,"10":21,"11":3,"12":3,"13":21,"14":0,"15":0,"16":21,"17":21,"18":21,"19":1},"f":{"0":21,"1":3,"2":0,"3":21,"4":21},"b":{"0":[20],"1":[21,20],"2":[21,0],"3":[21,21],"4":[21,0],"5":[2,19],"6":[2,19]}}
,"/Users/michaelalli/Documents/GitHub/FitMetallix/constants/colors.ts": {"path":"/Users/michaelalli/Documents/GitHub/FitMetallix/constants/colors.ts","statementMap":{"0":{"start":{"line":1,"column":13},"end":{"line":32,"column":2}}},"fnMap":{},"branchMap":{},"s":{"0":2},"f":{},"b":{}}
,"/Users/michaelalli/Documents/GitHub/FitMetallix/constants/workouts.ts": {"path":"/Users/michaelalli/Documents/GitHub/FitMetallix/constants/workouts.ts","statementMap":{"0":{"start":{"line":31,"column":13},"end":{"line":409,"column":2}},"1":{"start":{"line":411,"column":13},"end":{"line":442,"column":2}},"2":{"start":{"line":444,"column":13},"end":{"line":478,"column":2}},"3":{"start":{"line":480,"column":13},"end":{"line":526,"column":2}}},"fnMap":{},"branchMap":{},"s":{"0":2,"1":2,"2":2,"3":2},"f":{},"b":{}}
,"/Users/michaelalli/Documents/GitHub/FitMetallix/hooks/useFrameworkReady.ts": {"path":"/Users/michaelalli/Documents/GitHub/FitMetallix/hooks/useFrameworkReady.ts","statementMap":{"0":{"start":{"line":9,"column":0},"end":{"line":9,"column":16}},"1":{"start":{"line":1,"column":0},"end":{"line":1,"column":34}},"2":{"start":{"line":10,"column":2},"end":{"line":12,"column":null}},"3":{"start":{"line":11,"column":4},"end":{"line":11,"column":null}}},"fnMap":{"0":{"name":"useFrameworkReady","decl":{"start":{"line":9,"column":16},"end":{"line":9,"column":33}},"loc":{"start":{"line":9,"column":33},"end":{"line":13,"column":1}}},"1":{"name":"(anonymous_1)","decl":{"start":{"line":10,"column":12},"end":{"line":10,"column":15}},"loc":{"start":{"line":10,"column":17},"end":{"line":12,"column":3}}}},"branchMap":{},"s":{"0":1,"1":1,"2":6,"3":4},"f":{"0":6,"1":4},"b":{}}
,"/Users/michaelalli/Documents/GitHub/FitMetallix/lib/trpc.ts": {"path":"/Users/michaelalli/Documents/GitHub/FitMetallix/lib/trpc.ts","statementMap":{"0":{"start":{"line":1,"column":0},"end":{"line":1,"column":52}},"1":{"start":{"line":2,"column":0},"end":{"line":2,"column":40}},"2":{"start":{"line":4,"column":0},"end":{"line":4,"column":34}},"3":{"start":{"line":6,"column":13},"end":{"line":6,"column":49}},"4":{"start":{"line":8,"column":19},"end":{"line":16,"column":1}},"5":{"start":{"line":9,"column":2},"end":{"line":11,"column":3}},"6":{"start":{"line":10,"column":4},"end":{"line":10,"column":48}},"7":{"start":{"line":13,"column":2},"end":{"line":15,"column":4}},"8":{"start":{"line":18,"column":13},"end":{"line":25,"column":3}}},"fnMap":{"0":{"name":"(anonymous_1)","decl":{"start":{"line":8,"column":19},"end":{"line":8,"column":22}},"loc":{"start":{"line":8,"column":24},"end":{"line":16,"column":1}}}},"branchMap":{"0":{"loc":{"start":{"line":9,"column":2},"end":{"line":11,"column":3}},"type":"if","locations":[{"start":{"line":9,"column":2},"end":{"line":11,"column":3}}]}},"s":{"0":13,"1":13,"2":13,"3":13,"4":13,"5":13,"6":11,"7":2,"8":13},"f":{"0":13},"b":{"0":[11]}}
,"/Users/michaelalli/Documents/GitHub/FitMetallix/store/userStore.ts": {"path":"/Users/michaelalli/Documents/GitHub/FitMetallix/store/userStore.ts","statementMap":{"0":{"start":{"line":1,"column":0},"end":{"line":1,"column":33}},"1":{"start":{"line":2,"column":0},"end":{"line":2,"column":64}},"2":{"start":{"line":3,"column":0},"end":{"line":3,"column":69}},"3":{"start":{"line":50,"column":36},"end":{"line":60,"column":2}},"4":{"start":{"line":62,"column":41},"end":{"line":67,"column":2}},"5":{"start":{"line":69,"column":38},"end":{"line":76,"column":2}},"6":{"start":{"line":78,"column":13},"end":{"line":120,"column":2}},"7":{"start":{"line":80,"column":14},"end":{"line":114,"column":6}},"8":{"start":{"line":87,"column":8},"end":{"line":89,"column":11}},"9":{"start":{"line":87,"column":24},"end":{"line":89,"column":10}},"10":{"start":{"line":91,"column":8},"end":{"line":93,"column":11}},"11":{"start":{"line":91,"column":24},"end":{"line":93,"column":10}},"12":{"start":{"line":95,"column":8},"end":{"line":97,"column":11}},"13":{"start":{"line":95,"column":24},"end":{"line":97,"column":10}},"14":{"start":{"line":98,"column":31},"end":{"line":98,"column":58}},"15":{"start":{"line":99,"column":35},"end":{"line":99,"column":66}},"16":{"start":{"line":101,"column":8},"end":{"line":103,"column":11}},"17":{"start":{"line":101,"column":24},"end":{"line":103,"column":10}},"18":{"start":{"line":105,"column":8},"end":{"line":107,"column":11}},"19":{"start":{"line":105,"column":24},"end":{"line":107,"column":10}},"20":{"start":{"line":108,"column":23},"end":{"line":113,"column":8}},"21":{"start":{"line":117,"column":39},"end":{"line":117,"column":51}}},"fnMap":{"0":{"name":"(anonymous_1)","decl":{"start":{"line":80,"column":4},"end":{"line":80,"column":5}},"loc":{"start":{"line":80,"column":14},"end":{"line":114,"column":6}}},"1":{"name":"(anonymous_2)","decl":{"start":{"line":86,"column":21},"end":{"line":86,"column":22}},"loc":{"start":{"line":87,"column":8},"end":{"line":89,"column":11}}},"2":{"name":"(anonymous_3)","decl":{"start":{"line":87,"column":12},"end":{"line":87,"column":13}},"loc":{"start":{"line":87,"column":24},"end":{"line":89,"column":10}}},"3":{"name":"(anonymous_4)","decl":{"start":{"line":90,"column":22},"end":{"line":90,"column":23}},"loc":{"start":{"line":91,"column":8},"end":{"line":93,"column":11}}},"4":{"name":"(anonymous_5)","decl":{"start":{"line":91,"column":12},"end":{"line":91,"column":13}},"loc":{"start":{"line":91,"column":24},"end":{"line":93,"column":10}}},"5":{"name":"(anonymous_6)","decl":{"start":{"line":94,"column":22},"end":{"line":94,"column":23}},"loc":{"start":{"line":95,"column":8},"end":{"line":97,"column":11}}},"6":{"name":"(anonymous_7)","decl":{"start":{"line":95,"column":12},"end":{"line":95,"column":13}},"loc":{"start":{"line":95,"column":24},"end":{"line":97,"column":10}}},"7":{"name":"(anonymous_8)","decl":{"start":{"line":98,"column":20},"end":{"line":98,"column":21}},"loc":{"start":{"line":98,"column":31},"end":{"line":98,"column":58}}},"8":{"name":"(anonymous_9)","decl":{"start":{"line":99,"column":24},"end":{"line":99,"column":25}},"loc":{"start":{"line":99,"column":35},"end":{"line":99,"column":66}}},"9":{"name":"(anonymous_10)","decl":{"start":{"line":100,"column":22},"end":{"line":100,"column":23}},"loc":{"start":{"line":101,"column":8},"end":{"line":103,"column":11}}},"10":{"name":"(anonymous_11)","decl":{"start":{"line":101,"column":12},"end":{"line":101,"column":13}},"loc":{"start":{"line":101,"column":24},"end":{"line":103,"column":10}}},"11":{"name":"(anonymous_12)","decl":{"start":{"line":104,"column":19},"end":{"line":104,"column":20}},"loc":{"start":{"line":105,"column":8},"end":{"line":107,"column":11}}},"12":{"name":"(anonymous_13)","decl":{"start":{"line":105,"column":12},"end":{"line":105,"column":13}},"loc":{"start":{"line":105,"column":24},"end":{"line":107,"column":10}}},"13":{"name":"(anonymous_14)","decl":{"start":{"line":108,"column":17},"end":{"line":108,"column":20}},"loc":{"start":{"line":108,"column":23},"end":{"line":113,"column":8}}},"14":{"name":"(anonymous_15)","decl":{"start":{"line":117,"column":33},"end":{"line":117,"column":36}},"loc":{"start":{"line":117,"column":39},"end":{"line":117,"column":51}}}},"branchMap":{},"s":{"0":1,"1":1,"2":1,"3":1,"4":1,"5":1,"6":1,"7":1,"8":8,"9":8,"10":6,"11":6,"12":6,"13":6,"14":4,"15":4,"16":8,"17":8,"18":6,"19":6,"20":40,"21":1},"f":{"0":1,"1":8,"2":8,"3":6,"4":6,"5":6,"6":6,"7":4,"8":4,"9":8,"10":8,"11":6,"12":6,"13":40,"14":1},"b":{}}
,"/Users/michaelalli/Documents/GitHub/FitMetallix/store/workoutStore.ts": {"path":"/Users/michaelalli/Documents/GitHub/FitMetallix/store/workoutStore.ts","statementMap":{"0":{"start":{"line":1,"column":0},"end":{"line":1,"column":33}},"1":{"start":{"line":2,"column":0},"end":{"line":2,"column":64}},"2":{"start":{"line":3,"column":0},"end":{"line":3,"column":69}},"3":{"start":{"line":24,"column":13},"end":{"line":87,"column":2}},"4":{"start":{"line":26,"column":19},"end":{"line":81,"column":6}},"5":{"start":{"line":32,"column":8},"end":{"line":46,"column":10}},"6":{"start":{"line":34,"column":25},"end":{"line":34,"column":77}},"7":{"start":{"line":34,"column":57},"end":{"line":34,"column":76}},"8":{"start":{"line":35,"column":10},"end":{"line":35,"column":35}},"9":{"start":{"line":35,"column":22},"end":{"line":35,"column":35}},"10":{"start":{"line":37,"column":45},"end":{"line":41,"column":12}},"11":{"start":{"line":43,"column":10},"end":{"line":45,"column":12}},"12":{"start":{"line":48,"column":8},"end":{"line":51,"column":11}},"13":{"start":{"line":48,"column":24},"end":{"line":51,"column":10}},"14":{"start":{"line":49,"column":59},"end":{"line":49,"column":77}},"15":{"start":{"line":50,"column":66},"end":{"line":50,"column":82}},"16":{"start":{"line":53,"column":8},"end":{"line":58,"column":10}},"17":{"start":{"line":54,"column":34},"end":{"line":54,"column":87}},"18":{"start":{"line":54,"column":70},"end":{"line":54,"column":86}},"19":{"start":{"line":55,"column":10},"end":{"line":57,"column":12}},"20":{"start":{"line":60,"column":8},"end":{"line":76,"column":10}},"21":{"start":{"line":61,"column":29},"end":{"line":61,"column":71}},"22":{"start":{"line":64,"column":39},"end":{"line":67,"column":null}},"23":{"start":{"line":65,"column":12},"end":{"line":67,"column":23}},"24":{"start":{"line":70,"column":10},"end":{"line":75,"column":12}},"25":{"start":{"line":72,"column":54},"end":{"line":72,"column":70}},"26":{"start":{"line":77,"column":40},"end":{"line":77,"column":74}},"27":{"start":{"line":79,"column":8},"end":{"line":79,"column":67}},"28":{"start":{"line":79,"column":47},"end":{"line":79,"column":65}},"29":{"start":{"line":84,"column":39},"end":{"line":84,"column":51}}},"fnMap":{"0":{"name":"(anonymous_1)","decl":{"start":{"line":26,"column":4},"end":{"line":26,"column":5}},"loc":{"start":{"line":26,"column":19},"end":{"line":81,"column":6}}},"1":{"name":"(anonymous_2)","decl":{"start":{"line":31,"column":18},"end":{"line":31,"column":19}},"loc":{"start":{"line":32,"column":8},"end":{"line":46,"column":10}}},"2":{"name":"(anonymous_3)","decl":{"start":{"line":32,"column":12},"end":{"line":32,"column":13}},"loc":{"start":{"line":32,"column":22},"end":{"line":46,"column":9}}},"3":{"name":"(anonymous_4)","decl":{"start":{"line":34,"column":50},"end":{"line":34,"column":51}},"loc":{"start":{"line":34,"column":57},"end":{"line":34,"column":76}}},"4":{"name":"(anonymous_5)","decl":{"start":{"line":47,"column":23},"end":{"line":47,"column":24}},"loc":{"start":{"line":48,"column":8},"end":{"line":51,"column":11}}},"5":{"name":"(anonymous_6)","decl":{"start":{"line":48,"column":12},"end":{"line":48,"column":13}},"loc":{"start":{"line":48,"column":24},"end":{"line":51,"column":10}}},"6":{"name":"(anonymous_7)","decl":{"start":{"line":49,"column":52},"end":{"line":49,"column":53}},"loc":{"start":{"line":49,"column":59},"end":{"line":49,"column":77}}},"7":{"name":"(anonymous_8)","decl":{"start":{"line":50,"column":58},"end":{"line":50,"column":59}},"loc":{"start":{"line":50,"column":66},"end":{"line":50,"column":82}}},"8":{"name":"(anonymous_9)","decl":{"start":{"line":52,"column":19},"end":{"line":52,"column":20}},"loc":{"start":{"line":53,"column":8},"end":{"line":58,"column":10}}},"9":{"name":"(anonymous_10)","decl":{"start":{"line":53,"column":12},"end":{"line":53,"column":13}},"loc":{"start":{"line":53,"column":22},"end":{"line":58,"column":9}}},"10":{"name":"(anonymous_11)","decl":{"start":{"line":54,"column":62},"end":{"line":54,"column":63}},"loc":{"start":{"line":54,"column":70},"end":{"line":54,"column":86}}},"11":{"name":"(anonymous_12)","decl":{"start":{"line":59,"column":22},"end":{"line":59,"column":23}},"loc":{"start":{"line":60,"column":8},"end":{"line":76,"column":10}}},"12":{"name":"(anonymous_13)","decl":{"start":{"line":60,"column":12},"end":{"line":60,"column":13}},"loc":{"start":{"line":60,"column":22},"end":{"line":76,"column":9}}},"13":{"name":"(anonymous_14)","decl":{"start":{"line":64,"column":63},"end":{"line":64,"column":70}},"loc":{"start":{"line":65,"column":12},"end":{"line":67,"column":23}}},"14":{"name":"(anonymous_15)","decl":{"start":{"line":72,"column":46},"end":{"line":72,"column":47}},"loc":{"start":{"line":72,"column":54},"end":{"line":72,"column":70}}},"15":{"name":"(anonymous_16)","decl":{"start":{"line":77,"column":25},"end":{"line":77,"column":26}},"loc":{"start":{"line":77,"column":40},"end":{"line":77,"column":74}}},"16":{"name":"(anonymous_17)","decl":{"start":{"line":78,"column":23},"end":{"line":78,"column":24}},"loc":{"start":{"line":78,"column":37},"end":{"line":80,"column":7}}},"17":{"name":"(anonymous_18)","decl":{"start":{"line":79,"column":40},"end":{"line":79,"column":41}},"loc":{"start":{"line":79,"column":47},"end":{"line":79,"column":65}}},"18":{"name":"(anonymous_19)","decl":{"start":{"line":84,"column":33},"end":{"line":84,"column":36}},"loc":{"start":{"line":84,"column":39},"end":{"line":84,"column":51}}}},"branchMap":{"0":{"loc":{"start":{"line":35,"column":10},"end":{"line":35,"column":35}},"type":"if","locations":[{"start":{"line":35,"column":10},"end":{"line":35,"column":35}}]},"1":{"loc":{"start":{"line":65,"column":12},"end":{"line":67,"column":23}},"type":"cond-expr","locations":[{"start":{"line":66,"column":16},"end":{"line":66,"column":55}},{"start":{"line":67,"column":16},"end":{"line":67,"column":23}}]},"2":{"loc":{"start":{"line":71,"column":30},"end":{"line":73,"column":54}},"type":"cond-expr","locations":[{"start":{"line":72,"column":16},"end":{"line":72,"column":71}},{"start":{"line":73,"column":16},"end":{"line":73,"column":54}}]}},"s":{"0":2,"1":2,"2":2,"3":2,"4":2,"5":29,"6":29,"7":10,"8":29,"9":6,"10":23,"11":23,"12":5,"13":5,"14":5,"15":2,"16":26,"17":26,"18":104,"19":26,"20":12,"21":12,"22":12,"23":14,"24":12,"25":2,"26":6,"27":3,"28":3,"29":2},"f":{"0":2,"1":29,"2":29,"3":10,"4":5,"5":5,"6":5,"7":2,"8":26,"9":26,"10":104,"11":12,"12":12,"13":14,"14":2,"15":6,"16":3,"17":3,"18":2},"b":{"0":[6],"1":[11,3],"2":[2,10]}}
}
