TN:
SF:app/_layout.tsx
FN:27,RootLayout
FN:36,(anonymous_11)
FN:43,(anonymous_12)
FN:46,(anonymous_13)
FN:52,(anonymous_14)
FN:78,RootLayoutNav
FNF:6
FNH:0
FNDA:0,RootLayout
FNDA:0,(anonymous_11)
FNDA:0,(anonymous_12)
FNDA:0,(anonymous_13)
FNDA:0,(anonymous_14)
FNDA:0,RootLayoutNav
DA:1,0
DA:2,0
DA:3,0
DA:4,0
DA:5,0
DA:6,0
DA:7,0
DA:8,0
DA:9,0
DA:10,0
DA:11,0
DA:12,0
DA:13,0
DA:15,0
DA:17,0
DA:22,0
DA:25,0
DA:27,0
DA:28,0
DA:29,0
DA:32,0
DA:33,0
DA:34,0
DA:36,0
DA:37,0
DA:38,0
DA:39,0
DA:43,0
DA:44,0
DA:46,0
DA:47,0
DA:52,0
DA:53,0
DA:56,0
DA:57,0
DA:60,0
DA:61,0
DA:69,0
DA:79,0
DA:81,0
DA:117,0
LF:41
LH:0
BRDA:37,0,0,0
BRDA:44,1,0,0
BRDA:56,2,0,0
BRDA:56,3,0,0
BRDA:56,3,1,0
BRDA:60,4,0,0
BRDA:96,5,0,0
BRDA:96,5,1,0
BRF:8
BRH:0
end_of_record
TN:
SF:app/achievements.tsx
FN:22,AchievementsScreen
FN:33,(anonymous_11)
FN:46,(anonymous_12)
FN:132,(anonymous_13)
FN:141,(anonymous_14)
FN:153,(anonymous_15)
FN:154,(anonymous_16)
FN:205,(anonymous_17)
FN:222,(anonymous_18)
FN:239,(anonymous_19)
FN:259,(anonymous_20)
FNF:11
FNH:0
FNDA:0,AchievementsScreen
FNDA:0,(anonymous_11)
FNDA:0,(anonymous_12)
FNDA:0,(anonymous_13)
FNDA:0,(anonymous_14)
FNDA:0,(anonymous_15)
FNDA:0,(anonymous_16)
FNDA:0,(anonymous_17)
FNDA:0,(anonymous_18)
FNDA:0,(anonymous_19)
FNDA:0,(anonymous_20)
DA:1,0
DA:2,0
DA:3,0
DA:4,0
DA:5,0
DA:6,0
DA:7,0
DA:8,0
DA:22,0
DA:23,0
DA:24,0
DA:26,0
DA:27,0
DA:28,0
DA:31,0
DA:33,0
DA:34,0
DA:35,0
DA:36,0
DA:37,0
DA:38,0
DA:40,0
DA:41,0
DA:46,0
DA:47,0
DA:132,0
DA:133,0
DA:134,0
DA:135,0
DA:136,0
DA:140,0
DA:141,0
DA:142,0
DA:146,0
DA:154,0
DA:205,0
DA:222,0
DA:239,0
DA:260,0
DA:278,0
LF:40
LH:0
BRDA:34,0,0,0
BRDA:34,0,1,0
BRDA:37,1,0,0
BRDA:54,2,0,0
BRDA:54,2,1,0
BRDA:56,3,0,0
BRDA:56,3,1,0
BRDA:66,4,0,0
BRDA:66,4,1,0
BRDA:86,5,0,0
BRDA:86,5,1,0
BRDA:96,6,0,0
BRDA:96,6,1,0
BRDA:133,7,0,0
BRDA:134,8,0,0
BRDA:135,9,0,0
BRDA:142,10,0,0
BRDA:142,10,1,0
BRDA:203,11,0,0
BRDA:203,11,1,0
BRDA:210,12,0,0
BRDA:210,12,1,0
BRDA:220,13,0,0
BRDA:220,13,1,0
BRDA:227,14,0,0
BRDA:227,14,1,0
BRDA:237,15,0,0
BRDA:237,15,1,0
BRDA:244,16,0,0
BRDA:244,16,1,0
BRDA:253,17,0,0
BRDA:253,17,1,0
BRDA:257,18,0,0
BRDA:257,18,1,0
BRF:34
BRH:0
end_of_record
TN:
SF:app/body-scan.tsx
FN:12,BodyScanScreen
FN:27,(anonymous_11)
FN:34,(anonymous_12)
FN:41,(anonymous_13)
FN:42,(anonymous_14)
FN:45,(anonymous_15)
FN:61,(anonymous_16)
FN:76,(anonymous_17)
FN:83,(anonymous_18)
FN:89,(anonymous_19)
FN:131,(anonymous_20)
FN:132,(anonymous_21)
FN:233,(anonymous_22)
FN:240,(anonymous_23)
FN:240,(anonymous_24)
FNF:15
FNH:0
FNDA:0,BodyScanScreen
FNDA:0,(anonymous_11)
FNDA:0,(anonymous_12)
FNDA:0,(anonymous_13)
FNDA:0,(anonymous_14)
FNDA:0,(anonymous_15)
FNDA:0,(anonymous_16)
FNDA:0,(anonymous_17)
FNDA:0,(anonymous_18)
FNDA:0,(anonymous_19)
FNDA:0,(anonymous_20)
FNDA:0,(anonymous_21)
FNDA:0,(anonymous_22)
FNDA:0,(anonymous_23)
FNDA:0,(anonymous_24)
DA:1,0
DA:2,0
DA:3,0
DA:4,0
DA:5,0
DA:6,0
DA:7,0
DA:8,0
DA:9,0
DA:10,0
DA:12,0
DA:13,0
DA:14,0
DA:15,0
DA:17,0
DA:18,0
DA:19,0
DA:20,0
DA:21,0
DA:22,0
DA:23,0
DA:26,0
DA:28,0
DA:30,0
DA:31,0
DA:32,0
DA:35,0
DA:36,0
DA:37,0
DA:41,0
DA:42,0
DA:45,0
DA:46,0
DA:48,0
DA:50,0
DA:56,0
DA:57,0
DA:61,0
DA:62,0
DA:65,0
DA:76,0
DA:77,0
DA:78,0
DA:79,0
DA:80,0
DA:83,0
DA:84,0
DA:85,0
DA:86,0
DA:89,0
DA:94,0
DA:96,0
DA:103,0
DA:105,0
DA:124,0
DA:132,0
DA:234,0
DA:240,0
DA:241,0
DA:270,0
LF:60
LH:0
BRDA:42,0,0,0
BRDA:42,0,1,0
BRDA:46,1,0,0
BRDA:72,2,0,0
BRDA:72,2,1,0
BRDA:84,3,0,0
BRDA:94,4,0,0
BRDA:103,5,0,0
BRDA:139,6,0,0
BRDA:139,6,1,0
BRDA:146,7,0,0
BRDA:146,7,1,0
BRDA:189,8,0,0
BRDA:189,8,1,0
BRDA:232,9,0,0
BRDA:232,9,1,0
BRF:16
BRH:0
end_of_record
TN:
SF:app/edit-profile.tsx
FN:11,EditProfileScreen
FN:30,(anonymous_11)
FN:48,(anonymous_12)
FN:74,(anonymous_13)
FN:79,(anonymous_14)
FN:96,(anonymous_15)
FN:97,(anonymous_16)
FN:213,(anonymous_17)
FN:220,(anonymous_18)
FN:239,(anonymous_19)
FNF:10
FNH:0
FNDA:0,EditProfileScreen
FNDA:0,(anonymous_11)
FNDA:0,(anonymous_12)
FNDA:0,(anonymous_13)
FNDA:0,(anonymous_14)
FNDA:0,(anonymous_15)
FNDA:0,(anonymous_16)
FNDA:0,(anonymous_17)
FNDA:0,(anonymous_18)
FNDA:0,(anonymous_19)
DA:1,0
DA:2,0
DA:3,0
DA:4,0
DA:5,0
DA:6,0
DA:7,0
DA:9,0
DA:11,0
DA:12,0
DA:13,0
DA:15,0
DA:16,0
DA:17,0
DA:18,0
DA:19,0
DA:20,0
DA:21,0
DA:22,0
DA:24,0
DA:30,0
DA:31,0
DA:32,0
DA:39,0
DA:40,0
DA:43,0
DA:44,0
DA:48,0
DA:49,0
DA:51,0
DA:53,0
DA:54,0
DA:55,0
DA:56,0
DA:60,0
DA:61,0
DA:62,0
DA:65,0
DA:74,0
DA:76,0
DA:79,0
DA:82,0
DA:83,0
DA:85,0
DA:89,0
DA:97,0
DA:214,0
DA:220,0
DA:239,0
DA:261,0
LF:50
LH:0
BRDA:15,0,0,0
BRDA:15,0,1,0
BRDA:17,1,0,0
BRDA:17,1,1,0
BRDA:18,2,0,0
BRDA:18,2,1,0
BRDA:19,3,0,0
BRDA:19,3,1,0
BRDA:20,4,0,0
BRDA:20,4,1,0
BRDA:39,5,0,0
BRDA:39,6,0,0
BRDA:39,6,1,0
BRDA:39,6,2,0
BRDA:53,7,0,0
BRDA:60,8,0,0
BRDA:60,8,1,0
BRDA:61,9,0,0
BRDA:61,9,1,0
BRDA:62,10,0,0
BRDA:62,10,1,0
BRDA:112,11,0,0
BRDA:112,11,1,0
BRDA:117,12,0,0
BRDA:117,12,1,0
BRDA:218,13,0,0
BRDA:218,13,1,0
BRDA:225,14,0,0
BRDA:225,14,1,0
BRDA:242,15,0,0
BRDA:242,15,1,0
BRF:31
BRH:0
end_of_record
TN:
SF:app/favorites.tsx
FN:12,FavoritesScreen
FN:21,(anonymous_11)
FN:28,(anonymous_12)
FN:37,(anonymous_13)
FN:44,(anonymous_14)
FN:58,(anonymous_15)
FN:60,(anonymous_16)
FN:74,(anonymous_17)
FN:75,(anonymous_18)
FN:102,(anonymous_19)
FN:119,(anonymous_20)
FNF:11
FNH:0
FNDA:0,FavoritesScreen
FNDA:0,(anonymous_11)
FNDA:0,(anonymous_12)
FNDA:0,(anonymous_13)
FNDA:0,(anonymous_14)
FNDA:0,(anonymous_15)
FNDA:0,(anonymous_16)
FNDA:0,(anonymous_17)
FNDA:0,(anonymous_18)
FNDA:0,(anonymous_19)
FNDA:0,(anonymous_20)
DA:1,0
DA:2,0
DA:3,0
DA:4,0
DA:5,0
DA:6,0
DA:7,0
DA:8,0
DA:9,0
DA:10,0
DA:12,0
DA:13,0
DA:14,0
DA:15,0
DA:16,0
DA:19,0
DA:21,0
DA:22,0
DA:23,0
DA:24,0
DA:25,0
DA:26,0
DA:28,0
DA:29,0
DA:31,0
DA:32,0
DA:37,0
DA:38,0
DA:39,0
DA:40,0
DA:44,0
DA:45,0
DA:47,0
DA:60,0
DA:67,0
DA:75,0
DA:103,0
DA:119,0
DA:129,0
LF:39
LH:0
BRDA:22,0,0,0
BRDA:22,0,1,0
BRDA:25,1,0,0
BRDA:38,2,0,0
BRDA:45,3,0,0
BRDA:89,4,0,0
BRDA:89,4,1,0
BRDA:96,5,0,0
BRDA:96,5,1,0
BRDA:100,6,0,0
BRDA:100,6,1,0
BRF:11
BRH:0
end_of_record
TN:
SF:app/health-news.tsx
FN:15,HealthNewsScreen
FN:21,(anonymous_11)
FN:25,(anonymous_12)
FN:88,(anonymous_13)
FN:92,(anonymous_14)
FN:93,(anonymous_15)
FN:110,(anonymous_16)
FN:113,(anonymous_17)
FN:143,(anonymous_18)
FN:146,(anonymous_19)
FN:150,(anonymous_20)
FNF:11
FNH:0
FNDA:0,HealthNewsScreen
FNDA:0,(anonymous_11)
FNDA:0,(anonymous_12)
FNDA:0,(anonymous_13)
FNDA:0,(anonymous_14)
FNDA:0,(anonymous_15)
FNDA:0,(anonymous_16)
FNDA:0,(anonymous_17)
FNDA:0,(anonymous_18)
FNDA:0,(anonymous_19)
FNDA:0,(anonymous_20)
DA:1,0
DA:2,0
DA:3,0
DA:4,0
DA:5,0
DA:6,0
DA:15,0
DA:16,0
DA:17,0
DA:18,0
DA:19,0
DA:21,0
DA:22,0
DA:25,0
DA:26,0
DA:27,0
DA:29,0
DA:30,0
DA:49,0
DA:51,0
DA:53,0
DA:54,0
DA:56,0
DA:58,0
DA:78,0
DA:81,0
DA:82,0
DA:84,0
DA:88,0
DA:89,0
DA:92,0
DA:93,0
DA:94,0
DA:95,0
DA:99,0
DA:111,0
DA:113,0
DA:144,0
DA:146,0
DA:150,0
DA:175,0
LF:41
LH:0
BRDA:115,0,0,0
BRDA:115,0,1,0
BRDA:127,1,0,0
BRDA:127,1,1,0
BRDA:132,2,0,0
BRDA:132,2,1,0
BRDA:148,3,0,0
BRDA:148,3,1,0
BRF:8
BRH:0
end_of_record
TN:
SF:app/login.tsx
FN:11,LoginScreen
FN:21,(anonymous_11)
FN:25,(anonymous_12)
FN:29,(anonymous_13)
FN:39,(anonymous_14)
FN:66,(anonymous_15)
FN:73,(anonymous_16)
FN:91,(anonymous_17)
FN:190,(anonymous_18)
FN:195,(anonymous_19)
FNF:10
FNH:0
FNDA:0,LoginScreen
FNDA:0,(anonymous_11)
FNDA:0,(anonymous_12)
FNDA:0,(anonymous_13)
FNDA:0,(anonymous_14)
FNDA:0,(anonymous_15)
FNDA:0,(anonymous_16)
FNDA:0,(anonymous_17)
FNDA:0,(anonymous_18)
FNDA:0,(anonymous_19)
DA:1,0
DA:2,0
DA:3,0
DA:4,0
DA:5,0
DA:6,0
DA:7,0
DA:8,0
DA:9,0
DA:11,0
DA:12,0
DA:13,0
DA:15,0
DA:16,0
DA:17,0
DA:18,0
DA:19,0
DA:21,0
DA:22,0
DA:25,0
DA:26,0
DA:29,0
DA:30,0
DA:31,0
DA:32,0
DA:35,0
DA:37,0
DA:39,0
DA:41,0
DA:43,0
DA:46,0
DA:50,0
DA:51,0
DA:54,0
DA:57,0
DA:59,0
DA:60,0
DA:62,0
DA:66,0
DA:67,0
DA:69,0
DA:72,0
DA:73,0
DA:76,0
DA:79,0
DA:82,0
DA:84,0
DA:85,0
DA:87,0
DA:91,0
DA:92,0
DA:95,0
DA:190,0
DA:195,0
DA:227,0
LF:55
LH:0
BRDA:30,0,0,0
BRDA:30,1,0,0
BRDA:30,1,1,0
BRDA:41,2,0,0
BRDA:41,2,1,0
BRDA:57,3,0,0
BRDA:57,3,1,0
BRDA:60,4,0,0
BRDA:60,4,1,0
BRDA:76,5,0,0
BRDA:76,5,1,0
BRDA:98,6,0,0
BRDA:98,6,1,0
BRDA:99,7,0,0
BRDA:99,7,1,0
BRDA:121,8,0,0
BRDA:121,8,1,0
BRDA:158,9,0,0
BRDA:158,9,1,0
BRDA:166,10,0,0
BRDA:166,10,1,0
BRDA:173,11,0,0
BRDA:173,11,1,0
BRDA:206,12,0,0
BRDA:206,12,1,0
BRDA:208,13,0,0
BRDA:208,13,1,0
BRF:27
BRH:0
end_of_record
TN:
SF:app/modal.tsx
FN:5,ModalScreen
FNF:1
FNH:0
FNDA:0,ModalScreen
DA:1,0
DA:2,0
DA:3,0
DA:5,0
DA:6,0
DA:18,0
LF:6
LH:0
BRDA:13,0,0,0
BRDA:13,0,1,0
BRF:2
BRH:0
end_of_record
TN:
SF:app/notifications.tsx
FN:8,NotificationsScreen
FN:20,(anonymous_11)
FN:41,(anonymous_12)
FN:56,(anonymous_13)
FN:57,(anonymous_14)
FN:190,(anonymous_15)
FNF:6
FNH:0
FNDA:0,NotificationsScreen
FNDA:0,(anonymous_11)
FNDA:0,(anonymous_12)
FNDA:0,(anonymous_13)
FNDA:0,(anonymous_14)
FNDA:0,(anonymous_15)
DA:1,0
DA:2,0
DA:3,0
DA:4,0
DA:5,0
DA:6,0
DA:8,0
DA:9,0
DA:12,0
DA:13,0
DA:14,0
DA:15,0
DA:16,0
DA:17,0
DA:20,0
DA:21,0
DA:23,0
DA:25,0
DA:26,0
DA:27,0
DA:28,0
DA:29,0
DA:32,0
DA:33,0
DA:34,0
DA:35,0
DA:41,0
DA:42,0
DA:49,0
DA:57,0
DA:190,0
DA:204,0
LF:32
LH:0
BRDA:23,0,0,0
BRDA:23,0,1,0
BRDA:83,1,0,0
BRDA:83,1,1,0
BRDA:104,2,0,0
BRDA:104,2,1,0
BRDA:104,3,0,0
BRDA:104,3,1,0
BRDA:120,4,0,0
BRDA:120,4,1,0
BRDA:120,5,0,0
BRDA:120,5,1,0
BRDA:136,6,0,0
BRDA:136,6,1,0
BRDA:136,7,0,0
BRDA:136,7,1,0
BRDA:152,8,0,0
BRDA:152,8,1,0
BRDA:152,9,0,0
BRDA:152,9,1,0
BRDA:168,10,0,0
BRDA:168,10,1,0
BRDA:168,11,0,0
BRDA:168,11,1,0
BRDA:176,12,0,0
BRDA:176,12,1,0
BRDA:176,12,2,0
BRF:27
BRH:0
end_of_record
TN:
SF:app/onboarding.tsx
FN:11,OnboardingScreen
FN:27,(anonymous_11)
FN:32,(anonymous_12)
FN:57,(anonymous_13)
FN:59,(anonymous_14)
FN:65,(anonymous_15)
FN:90,(anonymous_16)
FN:96,(anonymous_17)
FN:111,(anonymous_18)
FN:186,(anonymous_19)
FN:193,(anonymous_20)
FN:219,(anonymous_21)
FN:226,(anonymous_22)
FN:279,(anonymous_23)
FN:284,(anonymous_24)
FN:299,(anonymous_25)
FNF:16
FNH:0
FNDA:0,OnboardingScreen
FNDA:0,(anonymous_11)
FNDA:0,(anonymous_12)
FNDA:0,(anonymous_13)
FNDA:0,(anonymous_14)
FNDA:0,(anonymous_15)
FNDA:0,(anonymous_16)
FNDA:0,(anonymous_17)
FNDA:0,(anonymous_18)
FNDA:0,(anonymous_19)
FNDA:0,(anonymous_20)
FNDA:0,(anonymous_21)
FNDA:0,(anonymous_22)
FNDA:0,(anonymous_23)
FNDA:0,(anonymous_24)
FNDA:0,(anonymous_25)
DA:1,0
DA:2,0
DA:3,0
DA:4,0
DA:5,0
DA:6,0
DA:7,0
DA:8,0
DA:9,0
DA:11,0
DA:12,0
DA:13,0
DA:15,0
DA:16,0
DA:17,0
DA:18,0
DA:19,0
DA:20,0
DA:21,0
DA:22,0
DA:23,0
DA:26,0
DA:28,0
DA:29,0
DA:30,0
DA:33,0
DA:34,0
DA:36,0
DA:37,0
DA:41,0
DA:47,0
DA:57,0
DA:58,0
DA:59,0
DA:61,0
DA:65,0
DA:66,0
DA:67,0
DA:70,0
DA:72,0
DA:83,0
DA:86,0
DA:90,0
DA:91,0
DA:92,0
DA:96,0
DA:97,0
DA:99,0
DA:101,0
DA:103,0
DA:105,0
DA:107,0
DA:111,0
DA:112,0
DA:114,0
DA:178,0
DA:187,0
DA:193,0
DA:211,0
DA:220,0
DA:226,0
DA:271,0
DA:280,0
DA:284,0
DA:292,0
DA:296,0
DA:300,0
DA:342,0
LF:68
LH:0
BRDA:58,0,0,0
BRDA:58,0,1,0
BRDA:66,1,0,0
BRDA:66,1,1,0
BRDA:74,2,0,0
BRDA:74,2,1,0
BRDA:75,3,0,0
BRDA:75,3,1,0
BRDA:76,4,0,0
BRDA:76,4,1,0
BRDA:91,5,0,0
BRDA:97,6,0,0
BRDA:97,6,1,0
BRDA:97,6,2,0
BRDA:97,6,3,0
BRDA:97,6,4,0
BRDA:105,7,0,0
BRDA:105,7,1,0
BRDA:112,8,0,0
BRDA:112,8,1,0
BRDA:112,8,2,0
BRDA:112,8,3,0
BRDA:112,8,4,0
BRDA:191,9,0,0
BRDA:191,9,1,0
BRDA:199,10,0,0
BRDA:199,10,1,0
BRDA:224,11,0,0
BRDA:224,11,1,0
BRDA:232,12,0,0
BRDA:232,12,1,0
BRDA:238,13,0,0
BRDA:238,13,1,0
BRDA:241,14,0,0
BRDA:241,14,1,0
BRDA:247,15,0,0
BRDA:247,15,1,0
BRDA:250,16,0,0
BRDA:250,16,1,0
BRDA:256,17,0,0
BRDA:256,17,1,0
BRDA:259,18,0,0
BRDA:259,18,1,0
BRDA:304,19,0,0
BRDA:304,19,1,0
BRDA:319,20,0,0
BRDA:319,20,1,0
BRDA:330,21,0,0
BRDA:330,21,1,0
BRDA:334,22,0,0
BRDA:334,22,1,0
BRF:51
BRH:0
end_of_record
TN:
SF:app/quick-workout.tsx
FN:10,QuickWorkoutScreen
FN:96,(anonymous_11)
FN:99,(anonymous_12)
FN:107,(anonymous_13)
FN:113,(anonymous_14)
FN:117,(anonymous_15)
FN:125,(anonymous_16)
FN:133,(anonymous_17)
FN:137,(anonymous_18)
FN:141,(anonymous_19)
FN:187,(anonymous_20)
FN:188,(anonymous_21)
FN:202,(anonymous_22)
FN:209,(anonymous_23)
FN:257,(anonymous_24)
FNF:15
FNH:0
FNDA:0,QuickWorkoutScreen
FNDA:0,(anonymous_11)
FNDA:0,(anonymous_12)
FNDA:0,(anonymous_13)
FNDA:0,(anonymous_14)
FNDA:0,(anonymous_15)
FNDA:0,(anonymous_16)
FNDA:0,(anonymous_17)
FNDA:0,(anonymous_18)
FNDA:0,(anonymous_19)
FNDA:0,(anonymous_20)
FNDA:0,(anonymous_21)
FNDA:0,(anonymous_22)
FNDA:0,(anonymous_23)
FNDA:0,(anonymous_24)
DA:1,0
DA:2,0
DA:3,0
DA:4,0
DA:5,0
DA:6,0
DA:7,0
DA:8,0
DA:10,0
DA:11,0
DA:12,0
DA:15,0
DA:91,0
DA:92,0
DA:95,0
DA:97,0
DA:99,0
DA:100,0
DA:101,0
DA:107,0
DA:114,0
DA:115,0
DA:117,0
DA:118,0
DA:119,0
DA:125,0
DA:133,0
DA:134,0
DA:137,0
DA:138,0
DA:140,0
DA:141,0
DA:143,0
DA:145,0
DA:146,0
DA:149,0
DA:150,0
DA:154,0
DA:155,0
DA:156,0
DA:157,0
DA:158,0
DA:160,0
DA:161,0
DA:165,0
DA:173,0
DA:176,0
DA:180,0
DA:188,0
DA:203,0
DA:209,0
DA:258,0
DA:283,0
LF:53
LH:0
BRDA:100,0,0,0
BRDA:118,1,0,0
BRDA:138,2,0,0
BRDA:143,3,0,0
BRDA:150,4,0,0
BRDA:150,4,1,0
BRDA:155,5,0,0
BRDA:160,6,0,0
BRDA:160,7,0,0
BRDA:160,7,1,0
BRDA:207,8,0,0
BRDA:207,8,1,0
BRDA:215,9,0,0
BRDA:215,9,1,0
BRDA:222,10,0,0
BRDA:222,10,1,0
BRDA:226,11,0,0
BRDA:226,11,1,0
BRDA:231,12,0,0
BRDA:231,12,1,0
BRDA:242,13,0,0
BRDA:242,13,1,0
BRDA:248,14,0,0
BRDA:248,14,1,0
BRDA:274,15,0,0
BRDA:274,15,1,0
BRF:26
BRH:0
end_of_record
TN:
SF:app/settings.tsx
FN:10,SettingsScreen
FN:22,(anonymous_11)
FN:27,(anonymous_12)
FN:39,(anonymous_13)
FN:56,(anonymous_14)
FN:57,(anonymous_15)
FN:99,(anonymous_16)
FN:116,(anonymous_17)
FN:199,(anonymous_18)
FN:204,(anonymous_19)
FN:214,(anonymous_20)
FN:219,(anonymous_21)
FN:243,(anonymous_22)
FN:248,(anonymous_23)
FNF:14
FNH:0
FNDA:0,SettingsScreen
FNDA:0,(anonymous_11)
FNDA:0,(anonymous_12)
FNDA:0,(anonymous_13)
FNDA:0,(anonymous_14)
FNDA:0,(anonymous_15)
FNDA:0,(anonymous_16)
FNDA:0,(anonymous_17)
FNDA:0,(anonymous_18)
FNDA:0,(anonymous_19)
FNDA:0,(anonymous_20)
FNDA:0,(anonymous_21)
FNDA:0,(anonymous_22)
FNDA:0,(anonymous_23)
DA:1,0
DA:2,0
DA:3,0
DA:4,0
DA:5,0
DA:6,0
DA:7,0
DA:8,0
DA:10,0
DA:11,0
DA:12,0
DA:15,0
DA:16,0
DA:17,0
DA:18,0
DA:19,0
DA:20,0
DA:22,0
DA:23,0
DA:27,0
DA:28,0
DA:41,0
DA:42,0
DA:49,0
DA:57,0
DA:99,0
DA:116,0
DA:199,0
DA:204,0
DA:214,0
DA:219,0
DA:243,0
DA:248,0
DA:256,0
LF:34
LH:0
BRDA:71,0,0,0
BRDA:71,0,1,0
BRDA:77,1,0,0
BRDA:77,1,1,0
BRDA:96,2,0,0
BRDA:96,2,1,0
BRDA:104,3,0,0
BRDA:104,3,1,0
BRDA:113,4,0,0
BRDA:113,4,1,0
BRDA:121,5,0,0
BRDA:121,5,1,0
BRDA:138,6,0,0
BRDA:138,6,1,0
BRDA:144,7,0,0
BRDA:144,7,1,0
BRDA:158,8,0,0
BRDA:158,8,1,0
BRDA:172,9,0,0
BRDA:172,9,1,0
BRDA:191,10,0,0
BRDA:191,10,1,0
BRF:22
BRH:0
end_of_record
TN:
SF:app/voice-control.tsx
FN:8,VoiceControlScreen
FN:27,(anonymous_11)
FN:35,(anonymous_12)
FN:45,(anonymous_13)
FN:51,(anonymous_14)
FN:54,(anonymous_15)
FN:59,(anonymous_16)
FN:61,(anonymous_17)
FN:64,(anonymous_18)
FN:102,(anonymous_19)
FN:113,(anonymous_20)
FN:114,(anonymous_21)
FN:126,(anonymous_22)
FN:127,(anonymous_23)
FN:172,(anonymous_24)
FN:185,(anonymous_25)
FN:196,(anonymous_26)
FNF:17
FNH:0
FNDA:0,VoiceControlScreen
FNDA:0,(anonymous_11)
FNDA:0,(anonymous_12)
FNDA:0,(anonymous_13)
FNDA:0,(anonymous_14)
FNDA:0,(anonymous_15)
FNDA:0,(anonymous_16)
FNDA:0,(anonymous_17)
FNDA:0,(anonymous_18)
FNDA:0,(anonymous_19)
FNDA:0,(anonymous_20)
FNDA:0,(anonymous_21)
FNDA:0,(anonymous_22)
FNDA:0,(anonymous_23)
FNDA:0,(anonymous_24)
FNDA:0,(anonymous_25)
FNDA:0,(anonymous_26)
DA:1,0
DA:2,0
DA:3,0
DA:4,0
DA:5,0
DA:6,0
DA:8,0
DA:9,0
DA:10,0
DA:11,0
DA:12,0
DA:15,0
DA:27,0
DA:28,0
DA:29,0
DA:31,0
DA:35,0
DA:36,0
DA:37,0
DA:40,0
DA:41,0
DA:45,0
DA:46,0
DA:47,0
DA:48,0
DA:51,0
DA:54,0
DA:55,0
DA:56,0
DA:59,0
DA:61,0
DA:64,0
DA:65,0
DA:67,0
DA:69,0
DA:70,0
DA:72,0
DA:73,0
DA:75,0
DA:76,0
DA:78,0
DA:79,0
DA:81,0
DA:82,0
DA:84,0
DA:85,0
DA:87,0
DA:88,0
DA:90,0
DA:91,0
DA:93,0
DA:94,0
DA:96,0
DA:99,0
DA:102,0
DA:103,0
DA:104,0
DA:106,0
DA:113,0
DA:114,0
DA:115,0
DA:119,0
DA:127,0
DA:173,0
DA:186,0
DA:196,0
DA:204,0
LF:67
LH:0
BRDA:28,0,0,0
BRDA:28,0,1,0
BRDA:40,1,0,0
BRDA:67,2,0,0
BRDA:67,2,1,0
BRDA:67,2,2,0
BRDA:67,2,3,0
BRDA:67,2,4,0
BRDA:67,2,5,0
BRDA:67,2,6,0
BRDA:67,2,7,0
BRDA:67,2,8,0
BRDA:67,2,9,0
BRDA:103,3,0,0
BRDA:103,3,1,0
BRDA:145,4,0,0
BRDA:145,4,1,0
BRDA:149,5,0,0
BRDA:149,5,1,0
BRDA:157,6,0,0
BRDA:157,6,1,0
BRDA:160,7,0,0
BRDA:160,7,1,0
BRDA:181,8,0,0
BRDA:181,8,1,0
BRF:25
BRH:0
end_of_record
TN:
SF:app/workout-details.tsx
FN:14,WorkoutDetailsScreen
FN:35,(anonymous_11)
FN:46,(anonymous_12)
FN:59,(anonymous_13)
FN:95,(anonymous_14)
FN:120,(anonymous_15)
FN:126,(anonymous_16)
FN:133,(anonymous_17)
FN:137,(anonymous_18)
FN:183,(anonymous_19)
FN:205,(anonymous_20)
FN:227,(anonymous_21)
FN:296,(anonymous_22)
FNF:13
FNH:0
FNDA:0,WorkoutDetailsScreen
FNDA:0,(anonymous_11)
FNDA:0,(anonymous_12)
FNDA:0,(anonymous_13)
FNDA:0,(anonymous_14)
FNDA:0,(anonymous_15)
FNDA:0,(anonymous_16)
FNDA:0,(anonymous_17)
FNDA:0,(anonymous_18)
FNDA:0,(anonymous_19)
FNDA:0,(anonymous_20)
FNDA:0,(anonymous_21)
FNDA:0,(anonymous_22)
DA:1,0
DA:2,0
DA:3,0
DA:4,0
DA:5,0
DA:6,0
DA:7,0
DA:8,0
DA:9,0
DA:10,0
DA:11,0
DA:14,0
DA:15,0
DA:16,0
DA:18,0
DA:19,0
DA:21,0
DA:22,0
DA:23,0
DA:24,0
DA:25,0
DA:26,0
DA:29,0
DA:32,0
DA:35,0
DA:36,0
DA:37,0
DA:38,0
DA:40,0
DA:41,0
DA:43,0
DA:44,0
DA:46,0
DA:47,0
DA:48,0
DA:49,0
DA:51,0
DA:52,0
DA:54,0
DA:59,0
DA:60,0
DA:62,0
DA:63,0
DA:64,0
DA:85,0
DA:86,0
DA:88,0
DA:89,0
DA:91,0
DA:95,0
DA:96,0
DA:97,0
DA:101,0
DA:102,0
DA:105,0
DA:106,0
DA:109,0
DA:110,0
DA:114,0
DA:115,0
DA:120,0
DA:121,0
DA:122,0
DA:123,0
DA:126,0
DA:127,0
DA:128,0
DA:129,0
DA:130,0
DA:133,0
DA:134,0
DA:137,0
DA:138,0
DA:141,0
DA:142,0
DA:145,0
DA:146,0
DA:152,0
DA:153,0
DA:154,0
DA:155,0
DA:156,0
DA:158,0
DA:159,0
DA:163,0
DA:171,0
DA:174,0
DA:177,0
DA:185,0
DA:192,0
DA:193,0
DA:201,0
DA:202,0
DA:205,0
DA:210,0
DA:227,0
DA:297,0
DA:331,0
LF:98
LH:0
BRDA:36,0,0,0
BRDA:36,0,1,0
BRDA:40,1,0,0
BRDA:43,2,0,0
BRDA:47,3,0,0
BRDA:47,3,1,0
BRDA:60,4,0,0
BRDA:77,5,0,0
BRDA:77,5,1,0
BRDA:77,6,0,0
BRDA:77,6,1,0
BRDA:77,7,0,0
BRDA:77,7,1,0
BRDA:96,8,0,0
BRDA:96,9,0,0
BRDA:96,9,1,0
BRDA:101,10,0,0
BRDA:109,11,0,0
BRDA:114,12,0,0
BRDA:121,13,0,0
BRDA:127,14,0,0
BRDA:138,15,0,0
BRDA:146,16,0,0
BRDA:146,16,1,0
BRDA:153,17,0,0
BRDA:158,18,0,0
BRDA:158,19,0,0
BRDA:158,19,1,0
BRDA:192,20,0,0
BRDA:201,21,0,0
BRDA:242,22,0,0
BRDA:242,22,1,0
BRDA:278,23,0,0
BRDA:278,23,1,0
BRDA:278,23,2,0
BRDA:281,24,0,0
BRDA:281,24,1,0
BRDA:305,25,0,0
BRDA:305,25,1,0
BRF:39
BRH:0
end_of_record
TN:
SF:app/(tabs)/progress.tsx
FN:9,ProgressScreen
FN:51,(anonymous_2)
FN:98,(anonymous_3)
FNF:3
FNH:0
FNDA:0,ProgressScreen
FNDA:0,(anonymous_2)
FNDA:0,(anonymous_3)
DA:1,0
DA:2,0
DA:3,0
DA:4,0
DA:5,0
DA:6,0
DA:7,0
DA:9,0
DA:10,0
DA:13,0
DA:51,0
DA:52,0
DA:54,0
DA:56,0
DA:58,0
DA:60,0
DA:62,0
DA:64,0
DA:68,0
DA:99,0
DA:145,0
LF:21
LH:0
BRDA:52,0,0,0
BRDA:52,0,1,0
BRDA:52,0,2,0
BRDA:52,0,3,0
BRDA:52,0,4,0
BRDA:52,0,5,0
BRDA:103,1,0,0
BRDA:103,1,1,0
BRDA:108,2,0,0
BRDA:108,2,1,0
BRDA:113,3,0,0
BRDA:113,3,1,0
BRDA:120,4,0,0
BRDA:120,4,1,0
BRDA:126,5,0,0
BRDA:126,5,1,0
BRDA:132,6,0,0
BRDA:132,6,1,0
BRF:18
BRH:0
end_of_record
TN:
SF:app/(tabs)/workouts.tsx
FN:10,WorkoutsScreen
FN:23,(anonymous_11)
FN:28,(anonymous_12)
FN:60,(anonymous_13)
FN:65,(anonymous_14)
FN:73,(anonymous_15)
FN:78,(anonymous_16)
FN:85,(anonymous_17)
FN:88,(anonymous_18)
FN:102,(anonymous_19)
FN:132,(anonymous_20)
FN:139,(anonymous_21)
FN:152,(anonymous_22)
FN:159,(anonymous_23)
FN:174,(anonymous_24)
FNF:15
FNH:0
FNDA:0,WorkoutsScreen
FNDA:0,(anonymous_11)
FNDA:0,(anonymous_12)
FNDA:0,(anonymous_13)
FNDA:0,(anonymous_14)
FNDA:0,(anonymous_15)
FNDA:0,(anonymous_16)
FNDA:0,(anonymous_17)
FNDA:0,(anonymous_18)
FNDA:0,(anonymous_19)
FNDA:0,(anonymous_20)
FNDA:0,(anonymous_21)
FNDA:0,(anonymous_22)
FNDA:0,(anonymous_23)
FNDA:0,(anonymous_24)
DA:1,0
DA:2,0
DA:3,0
DA:4,0
DA:5,0
DA:6,0
DA:7,0
DA:8,0
DA:10,0
DA:11,0
DA:12,0
DA:13,0
DA:14,0
DA:15,0
DA:18,0
DA:23,0
DA:24,0
DA:25,0
DA:27,0
DA:28,0
DA:29,0
DA:32,0
DA:34,0
DA:36,0
DA:37,0
DA:38,0
DA:40,0
DA:44,0
DA:52,0
DA:60,0
DA:61,0
DA:64,0
DA:65,0
DA:66,0
DA:72,0
DA:73,0
DA:77,0
DA:78,0
DA:81,0
DA:85,0
DA:86,0
DA:87,0
DA:88,0
DA:89,0
DA:92,0
DA:94,0
DA:97,0
DA:102,0
DA:103,0
DA:104,0
DA:108,0
DA:133,0
DA:139,0
DA:153,0
DA:159,0
DA:175,0
DA:188,0
LF:57
LH:0
BRDA:19,0,0,0
BRDA:19,0,1,0
BRDA:20,1,0,0
BRDA:20,1,1,0
BRDA:24,2,0,0
BRDA:24,2,1,0
BRDA:27,3,0,0
BRDA:27,3,1,0
BRDA:29,4,0,0
BRDA:29,4,1,0
BRDA:36,5,0,0
BRDA:64,6,0,0
BRDA:66,7,0,0
BRDA:66,7,1,0
BRDA:72,8,0,0
BRDA:77,9,0,0
BRDA:86,10,0,0
BRDA:86,10,1,0
BRDA:87,11,0,0
BRDA:87,11,1,0
BRDA:89,12,0,0
BRDA:89,12,1,0
BRDA:103,13,0,0
BRDA:137,14,0,0
BRDA:137,14,1,0
BRDA:157,15,0,0
BRDA:157,15,1,0
BRDA:168,16,0,0
BRDA:168,16,1,0
BRDA:173,17,0,0
BRDA:173,17,1,0
BRF:31
BRH:0
end_of_record
TN:
SF:backend/hono.ts
FN:24,(anonymous_0)
FNF:1
FNH:0
FNDA:0,(anonymous_0)
DA:1,0
DA:2,0
DA:3,0
DA:4,0
DA:5,0
DA:8,0
DA:11,0
DA:14,0
DA:24,0
DA:25,0
DA:28,0
LF:11
LH:0
BRF:0
BRH:0
end_of_record
TN:
SF:backend/trpc/app-router.ts
FNF:0
FNH:0
DA:1,0
DA:2,0
DA:3,0
DA:4,0
DA:5,0
DA:6,0
DA:7,0
DA:8,0
DA:9,0
DA:10,0
DA:12,0
LF:11
LH:0
BRF:0
BRH:0
end_of_record
TN:
SF:backend/trpc/create-context.ts
FN:6,(anonymous_1)
FNF:1
FNH:0
FNDA:0,(anonymous_1)
DA:2,2
DA:3,2
DA:6,2
DA:7,0
DA:16,2
DA:20,2
DA:21,2
LF:7
LH:6
BRF:0
BRH:0
end_of_record
TN:
SF:backend/trpc/routes/example/hi/route.ts
FN:6,(anonymous_0)
FNF:1
FNH:0
FNDA:0,(anonymous_0)
DA:1,0
DA:2,0
DA:4,0
DA:7,0
LF:4
LH:0
BRF:0
BRH:0
end_of_record
TN:
SF:backend/trpc/routes/user/analyze-body-scan.ts
FN:14,(anonymous_0)
FN:20,(anonymous_1)
FNF:2
FNH:2
FNDA:9,(anonymous_0)
FNDA:9,(anonymous_1)
DA:1,1
DA:2,1
DA:4,1
DA:18,9
DA:20,9
DA:24,9
DA:25,9
DA:27,9
DA:28,7
DA:30,7
DA:31,1
DA:32,1
DA:38,6
DA:39,1
DA:40,1
DA:47,5
DA:48,5
DA:60,9
DA:70,0
DA:71,0
LF:20
LH:18
BRDA:27,0,0,7
BRDA:27,1,0,9
BRDA:27,1,1,7
BRDA:30,2,0,1
BRDA:30,2,1,6
BRDA:38,3,0,1
BRDA:38,3,1,5
BRF:7
BRH:7
end_of_record
TN:
SF:backend/trpc/routes/user/get-achievements.ts
FN:15,(anonymous_0)
FNF:1
FNH:1
FNDA:10,(anonymous_0)
DA:1,1
DA:2,1
DA:4,1
DA:16,10
DA:19,10
LF:5
LH:5
BRDA:26,0,0,8
BRDA:26,0,1,2
BRDA:28,1,0,8
BRDA:28,1,1,2
BRDA:38,2,0,6
BRDA:38,2,1,4
BRDA:58,3,0,3
BRDA:58,3,1,7
BRDA:68,4,0,3
BRDA:68,4,1,7
BRF:10
BRH:10
end_of_record
TN:
SF:backend/trpc/routes/user/update-profile.ts
FN:17,(anonymous_0)
FNF:1
FNH:1
FNDA:8,(anonymous_0)
DA:1,1
DA:2,1
DA:4,1
DA:20,8
LF:4
LH:4
BRF:0
BRH:0
end_of_record
TN:
SF:backend/trpc/routes/user/update-progress.ts
FN:13,(anonymous_0)
FNF:1
FNH:1
FNDA:4,(anonymous_0)
DA:1,1
DA:2,1
DA:4,1
DA:16,4
LF:4
LH:4
BRF:0
BRH:0
end_of_record
TN:
SF:backend/trpc/routes/workouts/get-favorite-workouts.ts
FN:11,(anonymous_0)
FN:13,(anonymous_1)
FNF:2
FNH:0
FNDA:0,(anonymous_0)
FNDA:0,(anonymous_1)
DA:1,0
DA:2,0
DA:3,0
DA:5,0
DA:13,0
DA:14,0
DA:17,0
LF:7
LH:0
BRF:0
BRH:0
end_of_record
TN:
SF:backend/trpc/routes/workouts/get-recommended-workouts.ts
FN:13,(anonymous_0)
FN:18,(anonymous_1)
FN:25,(anonymous_2)
FN:36,(anonymous_3)
FNF:4
FNH:4
FNDA:18,(anonymous_0)
FNDA:54,(anonymous_1)
FNDA:68,(anonymous_2)
FNDA:213,(anonymous_3)
DA:1,1
DA:2,1
DA:3,1
DA:5,1
DA:14,18
DA:17,18
DA:18,6
DA:19,54
DA:24,18
DA:25,8
DA:26,68
DA:31,18
DA:32,0
DA:36,213
DA:39,18
LF:15
LH:14
BRDA:17,0,0,6
BRDA:24,1,0,8
BRDA:31,2,0,0
BRF:3
BRH:2
end_of_record
TN:
SF:backend/trpc/routes/workouts/get-workout-by-id.ts
FN:11,(anonymous_0)
FN:12,(anonymous_1)
FNF:2
FNH:2
FNDA:4,(anonymous_0)
FNDA:12,(anonymous_1)
DA:1,1
DA:2,1
DA:3,1
DA:5,1
DA:12,12
DA:14,4
DA:15,1
DA:18,3
LF:8
LH:8
BRDA:14,0,0,1
BRF:1
BRH:1
end_of_record
TN:
SF:backend/trpc/routes/workouts/get-workouts.ts
FN:13,(anonymous_0)
FN:18,(anonymous_1)
FN:23,(anonymous_2)
FNF:3
FNH:3
FNDA:9,(anonymous_0)
FNDA:27,(anonymous_1)
FNDA:11,(anonymous_2)
DA:1,1
DA:2,1
DA:3,1
DA:5,1
DA:14,9
DA:17,9
DA:18,27
DA:22,9
DA:23,11
DA:27,9
LF:10
LH:10
BRDA:17,0,0,3
BRDA:22,1,0,3
BRF:2
BRH:2
end_of_record
TN:
SF:components/AIWorkoutTips.tsx
FN:11,AIWorkoutTips
FN:16,(anonymous_10)
FN:20,(anonymous_11)
FNF:3
FNH:0
FNDA:0,AIWorkoutTips
FNDA:0,(anonymous_10)
FNDA:0,(anonymous_11)
DA:1,0
DA:2,0
DA:3,0
DA:5,0
DA:11,0
DA:12,0
DA:13,0
DA:14,0
DA:16,0
DA:17,0
DA:20,0
DA:21,0
DA:22,0
DA:23,0
DA:44,0
DA:45,0
DA:47,0
DA:48,0
DA:50,0
DA:54,0
DA:55,0
DA:63,0
DA:71,0
LF:23
LH:0
BRDA:36,0,0,0
BRDA:36,0,1,0
BRDA:36,1,0,0
BRDA:36,1,1,0
BRDA:36,2,0,0
BRDA:36,2,1,0
BRDA:54,3,0,0
BRF:7
BRH:0
end_of_record
TN:
SF:components/AchievementCard.tsx
FN:22,AchievementCard
FN:23,(anonymous_2)
FN:46,(anonymous_3)
FNF:3
FNH:0
FNDA:0,AchievementCard
FNDA:0,(anonymous_2)
FNDA:0,(anonymous_3)
DA:1,0
DA:2,0
DA:3,0
DA:4,0
DA:22,0
DA:23,0
DA:24,0
DA:26,0
DA:28,0
DA:30,0
DA:32,0
DA:34,0
DA:36,0
DA:38,0
DA:40,0
DA:42,0
DA:46,0
DA:47,0
DA:48,0
DA:49,0
DA:56,0
DA:62,0
DA:112,0
DA:113,0
DA:120,0
DA:123,0
LF:26
LH:0
BRDA:24,0,0,0
BRDA:24,0,1,0
BRDA:24,0,2,0
BRDA:24,0,3,0
BRDA:24,0,4,0
BRDA:24,0,5,0
BRDA:24,0,6,0
BRDA:24,0,7,0
BRDA:24,0,8,0
BRDA:47,1,0,0
BRDA:64,2,0,0
BRDA:64,2,1,0
BRDA:69,3,0,0
BRDA:69,3,1,0
BRDA:74,4,0,0
BRDA:74,4,1,0
BRDA:81,5,0,0
BRDA:81,5,1,0
BRDA:95,6,0,0
BRDA:95,6,1,0
BRDA:104,7,0,0
BRDA:104,7,1,0
BRDA:104,7,2,0
BRDA:112,8,0,0
BRF:24
BRH:0
end_of_record
TN:
SF:components/BodyTypeCard.tsx
FN:17,BodyTypeCard
FN:21,(anonymous_2)
FN:37,(anonymous_3)
FNF:3
FNH:0
FNDA:0,BodyTypeCard
FNDA:0,(anonymous_2)
FNDA:0,(anonymous_3)
DA:1,0
DA:2,0
DA:3,0
DA:17,0
DA:18,0
DA:21,0
DA:38,0
DA:49,0
LF:8
LH:0
BRDA:20,0,0,0
BRDA:20,0,1,0
BRDA:24,1,0,0
BRDA:24,1,1,0
BRDA:27,2,0,0
BRDA:27,2,1,0
BRDA:30,3,0,0
BRDA:30,3,1,0
BRDA:34,4,0,0
BRDA:34,4,1,0
BRF:10
BRH:0
end_of_record
TN:
SF:components/Button.tsx
FN:18,Button
FN:30,(anonymous_2)
FN:82,(anonymous_3)
FN:113,(anonymous_4)
FNF:4
FNH:4
FNDA:23,Button
FNDA:23,(anonymous_2)
FNDA:20,(anonymous_3)
FNDA:23,(anonymous_4)
DA:1,1
DA:2,1
DA:3,1
DA:18,1
DA:30,23
DA:31,23
DA:34,23
DA:36,20
DA:37,20
DA:39,1
DA:40,1
DA:42,1
DA:43,1
DA:44,1
DA:45,1
DA:47,1
DA:48,1
DA:49,1
DA:50,1
DA:54,23
DA:56,1
DA:57,1
DA:58,1
DA:60,21
DA:61,21
DA:62,21
DA:64,1
DA:65,1
DA:66,1
DA:70,23
DA:71,1
DA:75,23
DA:76,3
DA:79,23
DA:82,23
DA:83,20
DA:85,20
DA:89,19
DA:90,19
DA:92,1
DA:93,1
DA:96,20
DA:98,1
DA:99,1
DA:101,18
DA:102,18
DA:104,1
DA:105,1
DA:108,20
DA:111,23
DA:113,23
DA:138,1
LF:52
LH:52
BRDA:21,0,0,19
BRDA:22,1,0,21
BRDA:23,2,0,20
BRDA:24,3,0,20
BRDA:27,4,0,22
BRDA:34,5,0,20
BRDA:34,5,1,1
BRDA:34,5,2,1
BRDA:34,5,3,1
BRDA:54,6,0,1
BRDA:54,6,1,21
BRDA:54,6,2,1
BRDA:70,7,0,1
BRDA:75,8,0,3
BRDA:85,9,0,17
BRDA:85,9,1,18
BRDA:85,9,2,19
BRDA:85,9,3,1
BRDA:96,10,0,1
BRDA:96,10,1,18
BRDA:96,10,2,1
BRDA:116,11,0,23
BRDA:116,11,1,0
BRDA:116,11,2,0
BRDA:120,12,0,23
BRDA:120,12,1,20
BRDA:124,13,0,3
BRDA:124,13,1,20
BRDA:126,14,0,0
BRDA:126,14,1,3
BRF:30
BRH:27
end_of_record
TN:
SF:components/ExerciseItem.tsx
FN:12,ExerciseItem
FN:14,(anonymous_2)
FNF:2
FNH:0
FNDA:0,ExerciseItem
FNDA:0,(anonymous_2)
DA:1,0
DA:2,0
DA:3,0
DA:12,0
DA:14,0
DA:15,0
DA:16,0
DA:18,0
DA:19,0
DA:21,0
DA:24,0
DA:70,0
LF:12
LH:0
BRDA:18,0,0,0
BRDA:19,1,0,0
BRDA:19,1,1,0
BRDA:39,2,0,0
BRDA:39,2,1,0
BRDA:46,3,0,0
BRDA:46,3,1,0
BRDA:58,4,0,0
BRDA:58,4,1,0
BRF:9
BRH:0
end_of_record
TN:
SF:components/Header.tsx
FN:11,Header
FN:14,(anonymous_2)
FNF:2
FNH:0
FNDA:0,Header
FNDA:0,(anonymous_2)
DA:1,0
DA:2,0
DA:3,0
DA:4,0
DA:11,0
DA:12,0
DA:14,0
DA:15,0
DA:16,0
DA:17,0
DA:18,0
DA:21,0
DA:41,0
LF:13
LH:0
BRDA:11,0,0,0
BRDA:16,1,0,0
BRDA:17,2,0,0
BRDA:23,3,0,0
BRDA:23,3,1,0
BRDA:26,4,0,0
BRDA:26,4,1,0
BRDA:29,5,0,0
BRDA:29,5,1,0
BRF:9
BRH:0
end_of_record
TN:
SF:components/HealthNewsCard.tsx
FN:10,HealthNewsCard
FN:15,(anonymous_10)
FN:19,(anonymous_11)
FN:53,(anonymous_12)
FNF:4
FNH:0
FNDA:0,HealthNewsCard
FNDA:0,(anonymous_10)
FNDA:0,(anonymous_11)
FNDA:0,(anonymous_12)
DA:1,0
DA:2,0
DA:3,0
DA:4,0
DA:10,0
DA:11,0
DA:12,0
DA:13,0
DA:15,0
DA:16,0
DA:19,0
DA:20,0
DA:21,0
DA:22,0
DA:41,0
DA:42,0
DA:44,0
DA:45,0
DA:47,0
DA:51,0
DA:53,0
DA:83,0
LF:22
LH:0
BRDA:55,0,0,0
BRDA:55,0,1,0
BRDA:62,1,0,0
BRDA:62,1,1,0
BRDA:67,2,0,0
BRDA:67,2,1,0
BRF:6
BRH:0
end_of_record
TN:
SF:components/MoodSelector.tsx
FN:8,MoodSelector
FN:11,(anonymous_2)
FN:36,(anonymous_3)
FN:45,(anonymous_4)
FNF:4
FNH:0
FNDA:0,MoodSelector
FNDA:0,(anonymous_2)
FNDA:0,(anonymous_3)
FNDA:0,(anonymous_4)
DA:1,0
DA:2,0
DA:3,0
DA:4,0
DA:5,0
DA:6,0
DA:8,0
DA:9,0
DA:11,0
DA:12,0
DA:14,0
DA:16,0
DA:18,0
DA:20,0
DA:22,0
DA:24,0
DA:28,0
DA:37,0
DA:38,0
DA:45,0
DA:61,0
LF:21
LH:0
BRDA:12,0,0,0
BRDA:12,0,1,0
BRDA:12,0,2,0
BRDA:12,0,3,0
BRDA:12,0,4,0
BRDA:12,0,5,0
BRDA:43,1,0,0
BRDA:43,1,1,0
BRDA:47,2,0,0
BRDA:47,2,1,0
BRDA:48,3,0,0
BRDA:48,3,1,0
BRDA:50,4,0,0
BRDA:50,4,1,0
BRF:14
BRH:0
end_of_record
TN:
SF:components/ProgressChart.tsx
FN:10,ProgressChart
FN:24,(anonymous_2)
FN:47,(anonymous_3)
FNF:3
FNH:0
FNDA:0,ProgressChart
FNDA:0,(anonymous_2)
FNDA:0,(anonymous_3)
DA:1,0
DA:2,0
DA:3,0
DA:4,0
DA:6,0
DA:7,0
DA:8,0
DA:10,0
DA:11,0
DA:14,0
DA:24,0
DA:26,0
DA:48,0
DA:52,0
DA:69,0
LF:15
LH:0
BRDA:48,0,0,0
BRDA:48,0,1,0
BRDA:55,1,0,0
BRDA:55,1,1,0
BRF:4
BRH:0
end_of_record
TN:
SF:components/SettingsItem.tsx
FN:15,SettingsItem
FNF:1
FNH:0
FNDA:0,SettingsItem
DA:1,0
DA:2,0
DA:3,0
DA:4,0
DA:15,0
DA:23,0
DA:26,0
DA:41,0
DA:42,0
DA:53,0
DA:56,0
LF:11
LH:0
BRDA:21,0,0,0
BRDA:27,1,0,0
BRDA:27,1,1,0
BRDA:31,2,0,0
BRDA:31,2,1,0
BRDA:36,3,0,0
BRDA:36,3,1,0
BRDA:36,3,2,0
BRDA:41,4,0,0
BRF:9
BRH:0
end_of_record
TN:
SF:components/SocialLoginButton.tsx
FN:12,SocialLoginButton
FNF:1
FNH:0
FNDA:0,SocialLoginButton
DA:1,0
DA:2,0
DA:12,0
DA:18,0
DA:39,0
LF:5
LH:0
BRDA:16,0,0,0
BRDA:22,1,0,0
BRDA:22,1,1,0
BRDA:23,2,0,0
BRDA:23,2,1,0
BRDA:31,3,0,0
BRDA:31,3,1,0
BRDA:33,4,0,0
BRDA:33,4,1,0
BRF:9
BRH:0
end_of_record
TN:
SF:components/SplashScreen.tsx
FN:11,SplashScreen
FN:17,(anonymous_10)
FN:54,(anonymous_11)
FNF:3
FNH:0
FNDA:0,SplashScreen
FNDA:0,(anonymous_10)
FNDA:0,(anonymous_11)
DA:1,0
DA:2,0
DA:3,0
DA:4,0
DA:5,0
DA:11,0
DA:13,0
DA:14,0
DA:15,0
DA:17,0
DA:19,0
DA:56,0
DA:61,0
DA:66,0
DA:108,0
LF:15
LH:0
BRF:0
BRH:0
end_of_record
TN:
SF:components/WorkoutCard.tsx
FN:15,WorkoutCard
FN:21,(anonymous_2)
FN:31,(anonymous_3)
FN:38,(anonymous_4)
FN:55,(anonymous_5)
FNF:5
FNH:4
FNDA:21,WorkoutCard
FNDA:3,(anonymous_2)
FNDA:0,(anonymous_3)
FNDA:21,(anonymous_4)
FNDA:21,(anonymous_5)
DA:1,1
DA:2,1
DA:3,1
DA:4,1
DA:5,1
DA:7,1
DA:15,1
DA:16,21
DA:17,21
DA:19,21
DA:21,21
DA:23,3
DA:25,3
DA:31,21
DA:32,0
DA:33,0
DA:36,21
DA:38,21
DA:55,21
DA:87,1
LF:20
LH:18
BRDA:15,0,0,20
BRDA:19,1,0,21
BRDA:19,1,1,20
BRDA:40,2,0,21
BRDA:40,2,1,0
BRDA:43,3,0,21
BRDA:43,3,1,21
BRDA:57,4,0,21
BRDA:57,4,1,0
BRDA:62,5,0,2
BRDA:62,5,1,19
BRDA:63,6,0,2
BRDA:63,6,1,19
BRF:13
BRH:11
end_of_record
TN:
SF:constants/colors.ts
FNF:0
FNH:0
DA:1,2
LF:1
LH:1
BRF:0
BRH:0
end_of_record
TN:
SF:constants/workouts.ts
FNF:0
FNH:0
DA:31,2
DA:411,2
DA:444,2
DA:480,2
LF:4
LH:4
BRF:0
BRH:0
end_of_record
TN:
SF:hooks/useFrameworkReady.ts
FN:9,useFrameworkReady
FN:10,(anonymous_1)
FNF:2
FNH:2
FNDA:6,useFrameworkReady
FNDA:4,(anonymous_1)
DA:1,1
DA:9,1
DA:10,6
DA:11,4
LF:4
LH:4
BRF:0
BRH:0
end_of_record
TN:
SF:lib/trpc.ts
FN:8,(anonymous_1)
FNF:1
FNH:1
FNDA:13,(anonymous_1)
DA:1,13
DA:2,13
DA:4,13
DA:6,13
DA:8,13
DA:9,13
DA:10,11
DA:13,2
DA:18,13
LF:9
LH:9
BRDA:9,0,0,11
BRF:1
BRH:1
end_of_record
TN:
SF:store/userStore.ts
FN:80,(anonymous_1)
FN:86,(anonymous_2)
FN:87,(anonymous_3)
FN:90,(anonymous_4)
FN:91,(anonymous_5)
FN:94,(anonymous_6)
FN:95,(anonymous_7)
FN:98,(anonymous_8)
FN:99,(anonymous_9)
FN:100,(anonymous_10)
FN:101,(anonymous_11)
FN:104,(anonymous_12)
FN:105,(anonymous_13)
FN:108,(anonymous_14)
FN:117,(anonymous_15)
FNF:15
FNH:15
FNDA:1,(anonymous_1)
FNDA:8,(anonymous_2)
FNDA:8,(anonymous_3)
FNDA:6,(anonymous_4)
FNDA:6,(anonymous_5)
FNDA:6,(anonymous_6)
FNDA:6,(anonymous_7)
FNDA:4,(anonymous_8)
FNDA:4,(anonymous_9)
FNDA:8,(anonymous_10)
FNDA:8,(anonymous_11)
FNDA:6,(anonymous_12)
FNDA:6,(anonymous_13)
FNDA:40,(anonymous_14)
FNDA:1,(anonymous_15)
DA:1,1
DA:2,1
DA:3,1
DA:50,1
DA:62,1
DA:69,1
DA:78,1
DA:80,1
DA:87,8
DA:91,6
DA:95,6
DA:98,4
DA:99,4
DA:101,8
DA:105,6
DA:108,40
DA:117,1
LF:17
LH:17
BRF:0
BRH:0
end_of_record
TN:
SF:store/workoutStore.ts
FN:26,(anonymous_1)
FN:31,(anonymous_2)
FN:32,(anonymous_3)
FN:34,(anonymous_4)
FN:47,(anonymous_5)
FN:48,(anonymous_6)
FN:49,(anonymous_7)
FN:50,(anonymous_8)
FN:52,(anonymous_9)
FN:53,(anonymous_10)
FN:54,(anonymous_11)
FN:59,(anonymous_12)
FN:60,(anonymous_13)
FN:64,(anonymous_14)
FN:72,(anonymous_15)
FN:77,(anonymous_16)
FN:78,(anonymous_17)
FN:79,(anonymous_18)
FN:84,(anonymous_19)
FNF:19
FNH:19
FNDA:2,(anonymous_1)
FNDA:29,(anonymous_2)
FNDA:29,(anonymous_3)
FNDA:10,(anonymous_4)
FNDA:5,(anonymous_5)
FNDA:5,(anonymous_6)
FNDA:5,(anonymous_7)
FNDA:2,(anonymous_8)
FNDA:26,(anonymous_9)
FNDA:26,(anonymous_10)
FNDA:104,(anonymous_11)
FNDA:12,(anonymous_12)
FNDA:12,(anonymous_13)
FNDA:14,(anonymous_14)
FNDA:2,(anonymous_15)
FNDA:6,(anonymous_16)
FNDA:3,(anonymous_17)
FNDA:3,(anonymous_18)
FNDA:2,(anonymous_19)
DA:1,2
DA:2,2
DA:3,2
DA:24,2
DA:26,2
DA:32,29
DA:34,29
DA:35,29
DA:37,23
DA:43,23
DA:48,5
DA:49,5
DA:50,2
DA:53,26
DA:54,104
DA:55,26
DA:60,12
DA:61,12
DA:64,12
DA:65,14
DA:70,12
DA:72,2
DA:77,6
DA:79,3
DA:84,2
LF:25
LH:25
BRDA:35,0,0,6
BRDA:65,1,0,11
BRDA:65,1,1,3
BRDA:71,2,0,2
BRDA:71,2,1,10
BRF:5
BRH:5
end_of_record
